[15-May-2022 17:29:28 Europe/Berlin] Inicio de app web
[15-May-2022 17:29:28 Europe/Berlin] APP::CONSTRUCT-> no hay controlador especificado
[15-May-2022 17:29:28 Europe/Berlin] SESSIONCONTROLLER::validateSession
[15-May-2022 17:29:28 Europe/Berlin] Conexión a BD exitosa
[15-May-2022 17:29:28 Europe/Berlin] USERMODEL::getId->PDOException PDOException: SQLSTATE[HY093]: Invalid parameter number: parameter was not defined in C:\xampp\htdocs\expense\models\usermodel.php:75
Stack trace:
#0 C:\xampp\htdocs\expense\models\usermodel.php(75): PDOStatement->execute(Array)
#1 C:\xampp\htdocs\expense\classes\sessioncontroller.php(78): UserModel->get(NULL)
#2 C:\xampp\htdocs\expense\classes\sessioncontroller.php(41): SessionController->getUserSessionData()
#3 C:\xampp\htdocs\expense\classes\sessioncontroller.php(28): SessionController->validateSession()
#4 C:\xampp\htdocs\expense\classes\sessioncontroller.php(18): SessionController->init()
#5 C:\xampp\htdocs\expense\controllers\login.php(6): SessionController->__construct()
#6 C:\xampp\htdocs\expense\libs\app.php(26): Login->__construct()
#7 C:\xampp\htdocs\expense\index.php(26): App->__construct()
#8 {main}
[15-May-2022 17:29:28 Europe/Berlin] SESSIONCONTROLLER::getUserSessionData -> 
[15-May-2022 17:29:28 Europe/Berlin] SESSIONCONTROLLER::getCurrentPage(): actual link-> /expense/
[15-May-2022 17:29:28 Europe/Berlin] Login::construct -> inicio de Login
[15-May-2022 17:29:28 Europe/Berlin] Login::render -> Carga index login
[15-May-2022 17:29:28 Europe/Berlin] Aqui termina la pagina
[15-May-2022 17:29:28 Europe/Berlin] --------------------------------------------------------------------------------------------------------------------------
[15-May-2022 17:29:53 Europe/Berlin] Inicio de app web
[15-May-2022 17:29:53 Europe/Berlin] APP::CONSTRUCT-> no hay controlador especificado
[15-May-2022 17:29:53 Europe/Berlin] SESSIONCONTROLLER::validateSession
[15-May-2022 17:29:53 Europe/Berlin] Conexión a BD exitosa
[15-May-2022 17:29:53 Europe/Berlin] USERMODEL::getId->PDOException PDOException: SQLSTATE[HY093]: Invalid parameter number: parameter was not defined in C:\xampp\htdocs\expense\models\usermodel.php:75
Stack trace:
#0 C:\xampp\htdocs\expense\models\usermodel.php(75): PDOStatement->execute(Array)
#1 C:\xampp\htdocs\expense\classes\sessioncontroller.php(78): UserModel->get(NULL)
#2 C:\xampp\htdocs\expense\classes\sessioncontroller.php(41): SessionController->getUserSessionData()
#3 C:\xampp\htdocs\expense\classes\sessioncontroller.php(28): SessionController->validateSession()
#4 C:\xampp\htdocs\expense\classes\sessioncontroller.php(18): SessionController->init()
#5 C:\xampp\htdocs\expense\controllers\login.php(6): SessionController->__construct()
#6 C:\xampp\htdocs\expense\libs\app.php(26): Login->__construct()
#7 C:\xampp\htdocs\expense\index.php(26): App->__construct()
#8 {main}
[15-May-2022 17:29:53 Europe/Berlin] SESSIONCONTROLLER::getUserSessionData -> 
[15-May-2022 17:29:53 Europe/Berlin] SESSIONCONTROLLER::getCurrentPage(): actual link-> /expense/
[15-May-2022 17:29:53 Europe/Berlin] Login::construct -> inicio de Login
[15-May-2022 17:29:53 Europe/Berlin] Login::render -> Carga index login
[15-May-2022 17:29:53 Europe/Berlin] Aqui termina la pagina
[15-May-2022 17:29:53 Europe/Berlin] --------------------------------------------------------------------------------------------------------------------------
[15-May-2022 17:36:10 Europe/Berlin] Inicio de app web
[15-May-2022 17:36:10 Europe/Berlin] APP::CONSTRUCT-> no hay controlador especificado
[15-May-2022 17:36:10 Europe/Berlin] SESSIONCONTROLLER::validateSession
[15-May-2022 17:36:10 Europe/Berlin] Conexión a BD exitosa
[15-May-2022 17:36:10 Europe/Berlin] PHP Warning:  Trying to access array offset on value of type bool in C:\xampp\htdocs\expense\models\usermodel.php on line 80
[15-May-2022 17:36:10 Europe/Berlin] PHP Warning:  Trying to access array offset on value of type bool in C:\xampp\htdocs\expense\models\usermodel.php on line 81
[15-May-2022 17:36:10 Europe/Berlin] PHP Warning:  Trying to access array offset on value of type bool in C:\xampp\htdocs\expense\models\usermodel.php on line 82
[15-May-2022 17:36:10 Europe/Berlin] PHP Warning:  Trying to access array offset on value of type bool in C:\xampp\htdocs\expense\models\usermodel.php on line 83
[15-May-2022 17:36:10 Europe/Berlin] PHP Warning:  Trying to access array offset on value of type bool in C:\xampp\htdocs\expense\models\usermodel.php on line 84
[15-May-2022 17:36:10 Europe/Berlin] PHP Warning:  Trying to access array offset on value of type bool in C:\xampp\htdocs\expense\models\usermodel.php on line 85
[15-May-2022 17:36:10 Europe/Berlin] PHP Warning:  Trying to access array offset on value of type bool in C:\xampp\htdocs\expense\models\usermodel.php on line 86
[15-May-2022 17:36:10 Europe/Berlin] SESSIONCONTROLLER::getUserSessionData -> 
[15-May-2022 17:36:10 Europe/Berlin] SESSIONCONTROLLER::getCurrentPage(): actual link-> /expense/
[15-May-2022 17:36:10 Europe/Berlin] Login::construct -> inicio de Login
[15-May-2022 17:36:10 Europe/Berlin] Login::render -> Carga index login
[15-May-2022 17:36:10 Europe/Berlin] Aqui termina la pagina
[15-May-2022 17:36:10 Europe/Berlin] --------------------------------------------------------------------------------------------------------------------------
[15-May-2022 17:37:16 Europe/Berlin] Inicio de app web
[15-May-2022 17:37:16 Europe/Berlin] APP::CONSTRUCT-> no hay controlador especificado
[15-May-2022 17:37:16 Europe/Berlin] SESSIONCONTROLLER::validateSession
[15-May-2022 17:37:16 Europe/Berlin] Conexión a BD exitosa
[15-May-2022 17:37:16 Europe/Berlin] PHP Warning:  Trying to access array offset on value of type bool in C:\xampp\htdocs\expense\models\usermodel.php on line 80
[15-May-2022 17:37:16 Europe/Berlin] PHP Warning:  Trying to access array offset on value of type bool in C:\xampp\htdocs\expense\models\usermodel.php on line 81
[15-May-2022 17:37:16 Europe/Berlin] PHP Warning:  Trying to access array offset on value of type bool in C:\xampp\htdocs\expense\models\usermodel.php on line 82
[15-May-2022 17:37:16 Europe/Berlin] PHP Warning:  Trying to access array offset on value of type bool in C:\xampp\htdocs\expense\models\usermodel.php on line 83
[15-May-2022 17:37:16 Europe/Berlin] PHP Warning:  Trying to access array offset on value of type bool in C:\xampp\htdocs\expense\models\usermodel.php on line 84
[15-May-2022 17:37:16 Europe/Berlin] PHP Warning:  Trying to access array offset on value of type bool in C:\xampp\htdocs\expense\models\usermodel.php on line 85
[15-May-2022 17:37:16 Europe/Berlin] PHP Warning:  Trying to access array offset on value of type bool in C:\xampp\htdocs\expense\models\usermodel.php on line 86
[15-May-2022 17:37:16 Europe/Berlin] SESSIONCONTROLLER::getUserSessionData -> 
[15-May-2022 17:37:16 Europe/Berlin] SESSIONCONTROLLER::getCurrentPage(): actual link-> /expense/
[15-May-2022 17:37:16 Europe/Berlin] Login::construct -> inicio de Login
[15-May-2022 17:37:16 Europe/Berlin] Login::render -> Carga index login
[15-May-2022 17:37:16 Europe/Berlin] Aqui termina la pagina
[15-May-2022 17:37:16 Europe/Berlin] --------------------------------------------------------------------------------------------------------------------------
[15-May-2022 17:45:12 Europe/Berlin] Inicio de app web
[15-May-2022 17:45:12 Europe/Berlin] SESSIONCONTROLLER::validateSession
[15-May-2022 17:45:12 Europe/Berlin] Conexión a BD exitosa
[15-May-2022 17:45:12 Europe/Berlin] PHP Warning:  Trying to access array offset on value of type bool in C:\xampp\htdocs\expense\models\usermodel.php on line 80
[15-May-2022 17:45:12 Europe/Berlin] PHP Warning:  Trying to access array offset on value of type bool in C:\xampp\htdocs\expense\models\usermodel.php on line 81
[15-May-2022 17:45:12 Europe/Berlin] PHP Warning:  Trying to access array offset on value of type bool in C:\xampp\htdocs\expense\models\usermodel.php on line 82
[15-May-2022 17:45:12 Europe/Berlin] PHP Warning:  Trying to access array offset on value of type bool in C:\xampp\htdocs\expense\models\usermodel.php on line 83
[15-May-2022 17:45:12 Europe/Berlin] PHP Warning:  Trying to access array offset on value of type bool in C:\xampp\htdocs\expense\models\usermodel.php on line 84
[15-May-2022 17:45:12 Europe/Berlin] PHP Warning:  Trying to access array offset on value of type bool in C:\xampp\htdocs\expense\models\usermodel.php on line 85
[15-May-2022 17:45:12 Europe/Berlin] PHP Warning:  Trying to access array offset on value of type bool in C:\xampp\htdocs\expense\models\usermodel.php on line 86
[15-May-2022 17:45:12 Europe/Berlin] SESSIONCONTROLLER::getUserSessionData -> 
[15-May-2022 17:45:13 Europe/Berlin] SESSIONCONTROLLER::getCurrentPage(): actual link-> /expense/loginlogin
[15-May-2022 17:45:13 Europe/Berlin] SESSIONCONTROLLER::getCurrentPage(): actual link-> /expense/loginlogin
[15-May-2022 17:45:13 Europe/Berlin] Login::construct -> inicio de Login
[15-May-2022 17:45:13 Europe/Berlin] Login::render -> Carga index login
[15-May-2022 17:45:13 Europe/Berlin] Aqui termina la pagina
[15-May-2022 17:45:13 Europe/Berlin] --------------------------------------------------------------------------------------------------------------------------
[15-May-2022 17:46:07 Europe/Berlin] Inicio de app web
[15-May-2022 17:46:07 Europe/Berlin] APP::CONSTRUCT-> no hay controlador especificado
[15-May-2022 17:46:07 Europe/Berlin] SESSIONCONTROLLER::validateSession
[15-May-2022 17:46:07 Europe/Berlin] Conexión a BD exitosa
[15-May-2022 17:46:07 Europe/Berlin] PHP Warning:  Trying to access array offset on value of type bool in C:\xampp\htdocs\expense\models\usermodel.php on line 80
[15-May-2022 17:46:07 Europe/Berlin] PHP Warning:  Trying to access array offset on value of type bool in C:\xampp\htdocs\expense\models\usermodel.php on line 81
[15-May-2022 17:46:07 Europe/Berlin] PHP Warning:  Trying to access array offset on value of type bool in C:\xampp\htdocs\expense\models\usermodel.php on line 82
[15-May-2022 17:46:07 Europe/Berlin] PHP Warning:  Trying to access array offset on value of type bool in C:\xampp\htdocs\expense\models\usermodel.php on line 83
[15-May-2022 17:46:07 Europe/Berlin] PHP Warning:  Trying to access array offset on value of type bool in C:\xampp\htdocs\expense\models\usermodel.php on line 84
[15-May-2022 17:46:07 Europe/Berlin] PHP Warning:  Trying to access array offset on value of type bool in C:\xampp\htdocs\expense\models\usermodel.php on line 85
[15-May-2022 17:46:07 Europe/Berlin] PHP Warning:  Trying to access array offset on value of type bool in C:\xampp\htdocs\expense\models\usermodel.php on line 86
[15-May-2022 17:46:07 Europe/Berlin] SESSIONCONTROLLER::getUserSessionData -> 
[15-May-2022 17:46:07 Europe/Berlin] SESSIONCONTROLLER::getCurrentPage(): actual link-> /expense/
[15-May-2022 17:46:07 Europe/Berlin] Login::construct -> inicio de Login
[15-May-2022 17:46:07 Europe/Berlin] Login::render -> Carga index login
[15-May-2022 17:46:07 Europe/Berlin] Aqui termina la pagina
[15-May-2022 17:46:07 Europe/Berlin] --------------------------------------------------------------------------------------------------------------------------
[15-May-2022 17:46:08 Europe/Berlin] Inicio de app web
[15-May-2022 17:46:08 Europe/Berlin] APP::CONSTRUCT-> no hay controlador especificado
[15-May-2022 17:46:08 Europe/Berlin] SESSIONCONTROLLER::validateSession
[15-May-2022 17:46:08 Europe/Berlin] Conexión a BD exitosa
[15-May-2022 17:46:08 Europe/Berlin] PHP Warning:  Trying to access array offset on value of type bool in C:\xampp\htdocs\expense\models\usermodel.php on line 80
[15-May-2022 17:46:08 Europe/Berlin] PHP Warning:  Trying to access array offset on value of type bool in C:\xampp\htdocs\expense\models\usermodel.php on line 81
[15-May-2022 17:46:08 Europe/Berlin] PHP Warning:  Trying to access array offset on value of type bool in C:\xampp\htdocs\expense\models\usermodel.php on line 82
[15-May-2022 17:46:08 Europe/Berlin] PHP Warning:  Trying to access array offset on value of type bool in C:\xampp\htdocs\expense\models\usermodel.php on line 83
[15-May-2022 17:46:08 Europe/Berlin] PHP Warning:  Trying to access array offset on value of type bool in C:\xampp\htdocs\expense\models\usermodel.php on line 84
[15-May-2022 17:46:08 Europe/Berlin] PHP Warning:  Trying to access array offset on value of type bool in C:\xampp\htdocs\expense\models\usermodel.php on line 85
[15-May-2022 17:46:08 Europe/Berlin] PHP Warning:  Trying to access array offset on value of type bool in C:\xampp\htdocs\expense\models\usermodel.php on line 86
[15-May-2022 17:46:08 Europe/Berlin] SESSIONCONTROLLER::getUserSessionData -> 
[15-May-2022 17:46:08 Europe/Berlin] SESSIONCONTROLLER::getCurrentPage(): actual link-> /expense/
[15-May-2022 17:46:08 Europe/Berlin] Login::construct -> inicio de Login
[15-May-2022 17:46:08 Europe/Berlin] Login::render -> Carga index login
[15-May-2022 17:46:08 Europe/Berlin] Aqui termina la pagina
[15-May-2022 17:46:08 Europe/Berlin] --------------------------------------------------------------------------------------------------------------------------
[15-May-2022 17:46:08 Europe/Berlin] Inicio de app web
[15-May-2022 17:46:08 Europe/Berlin] APP::CONSTRUCT-> no hay controlador especificado
[15-May-2022 17:46:08 Europe/Berlin] SESSIONCONTROLLER::validateSession
[15-May-2022 17:46:08 Europe/Berlin] Conexión a BD exitosa
[15-May-2022 17:46:08 Europe/Berlin] PHP Warning:  Trying to access array offset on value of type bool in C:\xampp\htdocs\expense\models\usermodel.php on line 80
[15-May-2022 17:46:08 Europe/Berlin] PHP Warning:  Trying to access array offset on value of type bool in C:\xampp\htdocs\expense\models\usermodel.php on line 81
[15-May-2022 17:46:08 Europe/Berlin] PHP Warning:  Trying to access array offset on value of type bool in C:\xampp\htdocs\expense\models\usermodel.php on line 82
[15-May-2022 17:46:08 Europe/Berlin] PHP Warning:  Trying to access array offset on value of type bool in C:\xampp\htdocs\expense\models\usermodel.php on line 83
[15-May-2022 17:46:08 Europe/Berlin] PHP Warning:  Trying to access array offset on value of type bool in C:\xampp\htdocs\expense\models\usermodel.php on line 84
[15-May-2022 17:46:08 Europe/Berlin] PHP Warning:  Trying to access array offset on value of type bool in C:\xampp\htdocs\expense\models\usermodel.php on line 85
[15-May-2022 17:46:08 Europe/Berlin] PHP Warning:  Trying to access array offset on value of type bool in C:\xampp\htdocs\expense\models\usermodel.php on line 86
[15-May-2022 17:46:08 Europe/Berlin] SESSIONCONTROLLER::getUserSessionData -> 
[15-May-2022 17:46:08 Europe/Berlin] SESSIONCONTROLLER::getCurrentPage(): actual link-> /expense/
[15-May-2022 17:46:08 Europe/Berlin] Login::construct -> inicio de Login
[15-May-2022 17:46:08 Europe/Berlin] Login::render -> Carga index login
[15-May-2022 17:46:08 Europe/Berlin] Aqui termina la pagina
[15-May-2022 17:46:08 Europe/Berlin] --------------------------------------------------------------------------------------------------------------------------
[15-May-2022 17:46:09 Europe/Berlin] Inicio de app web
[15-May-2022 17:46:09 Europe/Berlin] APP::CONSTRUCT-> no hay controlador especificado
[15-May-2022 17:46:09 Europe/Berlin] SESSIONCONTROLLER::validateSession
[15-May-2022 17:46:09 Europe/Berlin] Conexión a BD exitosa
[15-May-2022 17:46:09 Europe/Berlin] PHP Warning:  Trying to access array offset on value of type bool in C:\xampp\htdocs\expense\models\usermodel.php on line 80
[15-May-2022 17:46:09 Europe/Berlin] PHP Warning:  Trying to access array offset on value of type bool in C:\xampp\htdocs\expense\models\usermodel.php on line 81
[15-May-2022 17:46:09 Europe/Berlin] PHP Warning:  Trying to access array offset on value of type bool in C:\xampp\htdocs\expense\models\usermodel.php on line 82
[15-May-2022 17:46:09 Europe/Berlin] PHP Warning:  Trying to access array offset on value of type bool in C:\xampp\htdocs\expense\models\usermodel.php on line 83
[15-May-2022 17:46:09 Europe/Berlin] PHP Warning:  Trying to access array offset on value of type bool in C:\xampp\htdocs\expense\models\usermodel.php on line 84
[15-May-2022 17:46:09 Europe/Berlin] PHP Warning:  Trying to access array offset on value of type bool in C:\xampp\htdocs\expense\models\usermodel.php on line 85
[15-May-2022 17:46:09 Europe/Berlin] PHP Warning:  Trying to access array offset on value of type bool in C:\xampp\htdocs\expense\models\usermodel.php on line 86
[15-May-2022 17:46:09 Europe/Berlin] SESSIONCONTROLLER::getUserSessionData -> 
[15-May-2022 17:46:09 Europe/Berlin] SESSIONCONTROLLER::getCurrentPage(): actual link-> /expense/
[15-May-2022 17:46:09 Europe/Berlin] Login::construct -> inicio de Login
[15-May-2022 17:46:09 Europe/Berlin] Login::render -> Carga index login
[15-May-2022 17:46:09 Europe/Berlin] Aqui termina la pagina
[15-May-2022 17:46:09 Europe/Berlin] --------------------------------------------------------------------------------------------------------------------------
[15-May-2022 17:46:09 Europe/Berlin] Inicio de app web
[15-May-2022 17:46:09 Europe/Berlin] APP::CONSTRUCT-> no hay controlador especificado
[15-May-2022 17:46:09 Europe/Berlin] SESSIONCONTROLLER::validateSession
[15-May-2022 17:46:09 Europe/Berlin] Conexión a BD exitosa
[15-May-2022 17:46:09 Europe/Berlin] PHP Warning:  Trying to access array offset on value of type bool in C:\xampp\htdocs\expense\models\usermodel.php on line 80
[15-May-2022 17:46:09 Europe/Berlin] PHP Warning:  Trying to access array offset on value of type bool in C:\xampp\htdocs\expense\models\usermodel.php on line 81
[15-May-2022 17:46:09 Europe/Berlin] PHP Warning:  Trying to access array offset on value of type bool in C:\xampp\htdocs\expense\models\usermodel.php on line 82
[15-May-2022 17:46:09 Europe/Berlin] PHP Warning:  Trying to access array offset on value of type bool in C:\xampp\htdocs\expense\models\usermodel.php on line 83
[15-May-2022 17:46:09 Europe/Berlin] PHP Warning:  Trying to access array offset on value of type bool in C:\xampp\htdocs\expense\models\usermodel.php on line 84
[15-May-2022 17:46:09 Europe/Berlin] PHP Warning:  Trying to access array offset on value of type bool in C:\xampp\htdocs\expense\models\usermodel.php on line 85
[15-May-2022 17:46:09 Europe/Berlin] PHP Warning:  Trying to access array offset on value of type bool in C:\xampp\htdocs\expense\models\usermodel.php on line 86
[15-May-2022 17:46:09 Europe/Berlin] SESSIONCONTROLLER::getUserSessionData -> 
[15-May-2022 17:46:09 Europe/Berlin] SESSIONCONTROLLER::getCurrentPage(): actual link-> /expense/
[15-May-2022 17:46:09 Europe/Berlin] Login::construct -> inicio de Login
[15-May-2022 17:46:09 Europe/Berlin] Login::render -> Carga index login
[15-May-2022 17:46:09 Europe/Berlin] Aqui termina la pagina
[15-May-2022 17:46:09 Europe/Berlin] --------------------------------------------------------------------------------------------------------------------------
[15-May-2022 17:46:10 Europe/Berlin] Inicio de app web
[15-May-2022 17:46:10 Europe/Berlin] APP::CONSTRUCT-> no hay controlador especificado
[15-May-2022 17:46:10 Europe/Berlin] SESSIONCONTROLLER::validateSession
[15-May-2022 17:46:10 Europe/Berlin] Conexión a BD exitosa
[15-May-2022 17:46:10 Europe/Berlin] PHP Warning:  Trying to access array offset on value of type bool in C:\xampp\htdocs\expense\models\usermodel.php on line 80
[15-May-2022 17:46:10 Europe/Berlin] PHP Warning:  Trying to access array offset on value of type bool in C:\xampp\htdocs\expense\models\usermodel.php on line 81
[15-May-2022 17:46:10 Europe/Berlin] PHP Warning:  Trying to access array offset on value of type bool in C:\xampp\htdocs\expense\models\usermodel.php on line 82
[15-May-2022 17:46:10 Europe/Berlin] PHP Warning:  Trying to access array offset on value of type bool in C:\xampp\htdocs\expense\models\usermodel.php on line 83
[15-May-2022 17:46:10 Europe/Berlin] PHP Warning:  Trying to access array offset on value of type bool in C:\xampp\htdocs\expense\models\usermodel.php on line 84
[15-May-2022 17:46:10 Europe/Berlin] PHP Warning:  Trying to access array offset on value of type bool in C:\xampp\htdocs\expense\models\usermodel.php on line 85
[15-May-2022 17:46:10 Europe/Berlin] PHP Warning:  Trying to access array offset on value of type bool in C:\xampp\htdocs\expense\models\usermodel.php on line 86
[15-May-2022 17:46:10 Europe/Berlin] SESSIONCONTROLLER::getUserSessionData -> 
[15-May-2022 17:46:10 Europe/Berlin] SESSIONCONTROLLER::getCurrentPage(): actual link-> /expense/
[15-May-2022 17:46:10 Europe/Berlin] Login::construct -> inicio de Login
[15-May-2022 17:46:10 Europe/Berlin] Login::render -> Carga index login
[15-May-2022 17:46:10 Europe/Berlin] Aqui termina la pagina
[15-May-2022 17:46:10 Europe/Berlin] --------------------------------------------------------------------------------------------------------------------------
[15-May-2022 17:46:10 Europe/Berlin] Inicio de app web
[15-May-2022 17:46:10 Europe/Berlin] APP::CONSTRUCT-> no hay controlador especificado
[15-May-2022 17:46:10 Europe/Berlin] SESSIONCONTROLLER::validateSession
[15-May-2022 17:46:10 Europe/Berlin] Conexión a BD exitosa
[15-May-2022 17:46:10 Europe/Berlin] PHP Warning:  Trying to access array offset on value of type bool in C:\xampp\htdocs\expense\models\usermodel.php on line 80
[15-May-2022 17:46:10 Europe/Berlin] PHP Warning:  Trying to access array offset on value of type bool in C:\xampp\htdocs\expense\models\usermodel.php on line 81
[15-May-2022 17:46:10 Europe/Berlin] PHP Warning:  Trying to access array offset on value of type bool in C:\xampp\htdocs\expense\models\usermodel.php on line 82
[15-May-2022 17:46:10 Europe/Berlin] PHP Warning:  Trying to access array offset on value of type bool in C:\xampp\htdocs\expense\models\usermodel.php on line 83
[15-May-2022 17:46:10 Europe/Berlin] PHP Warning:  Trying to access array offset on value of type bool in C:\xampp\htdocs\expense\models\usermodel.php on line 84
[15-May-2022 17:46:10 Europe/Berlin] PHP Warning:  Trying to access array offset on value of type bool in C:\xampp\htdocs\expense\models\usermodel.php on line 85
[15-May-2022 17:46:10 Europe/Berlin] PHP Warning:  Trying to access array offset on value of type bool in C:\xampp\htdocs\expense\models\usermodel.php on line 86
[15-May-2022 17:46:10 Europe/Berlin] SESSIONCONTROLLER::getUserSessionData -> 
[15-May-2022 17:46:10 Europe/Berlin] SESSIONCONTROLLER::getCurrentPage(): actual link-> /expense/
[15-May-2022 17:46:10 Europe/Berlin] Login::construct -> inicio de Login
[15-May-2022 17:46:10 Europe/Berlin] Login::render -> Carga index login
[15-May-2022 17:46:10 Europe/Berlin] Aqui termina la pagina
[15-May-2022 17:46:10 Europe/Berlin] --------------------------------------------------------------------------------------------------------------------------
[15-May-2022 17:46:11 Europe/Berlin] Inicio de app web
[15-May-2022 17:46:11 Europe/Berlin] APP::CONSTRUCT-> no hay controlador especificado
[15-May-2022 17:46:11 Europe/Berlin] SESSIONCONTROLLER::validateSession
[15-May-2022 17:46:11 Europe/Berlin] Conexión a BD exitosa
[15-May-2022 17:46:11 Europe/Berlin] PHP Warning:  Trying to access array offset on value of type bool in C:\xampp\htdocs\expense\models\usermodel.php on line 80
[15-May-2022 17:46:11 Europe/Berlin] PHP Warning:  Trying to access array offset on value of type bool in C:\xampp\htdocs\expense\models\usermodel.php on line 81
[15-May-2022 17:46:11 Europe/Berlin] PHP Warning:  Trying to access array offset on value of type bool in C:\xampp\htdocs\expense\models\usermodel.php on line 82
[15-May-2022 17:46:11 Europe/Berlin] PHP Warning:  Trying to access array offset on value of type bool in C:\xampp\htdocs\expense\models\usermodel.php on line 83
[15-May-2022 17:46:11 Europe/Berlin] PHP Warning:  Trying to access array offset on value of type bool in C:\xampp\htdocs\expense\models\usermodel.php on line 84
[15-May-2022 17:46:11 Europe/Berlin] PHP Warning:  Trying to access array offset on value of type bool in C:\xampp\htdocs\expense\models\usermodel.php on line 85
[15-May-2022 17:46:11 Europe/Berlin] PHP Warning:  Trying to access array offset on value of type bool in C:\xampp\htdocs\expense\models\usermodel.php on line 86
[15-May-2022 17:46:11 Europe/Berlin] SESSIONCONTROLLER::getUserSessionData -> 
[15-May-2022 17:46:11 Europe/Berlin] SESSIONCONTROLLER::getCurrentPage(): actual link-> /expense/
[15-May-2022 17:46:11 Europe/Berlin] Login::construct -> inicio de Login
[15-May-2022 17:46:11 Europe/Berlin] Login::render -> Carga index login
[15-May-2022 17:46:11 Europe/Berlin] Aqui termina la pagina
[15-May-2022 17:46:11 Europe/Berlin] --------------------------------------------------------------------------------------------------------------------------
[15-May-2022 17:46:11 Europe/Berlin] Inicio de app web
[15-May-2022 17:46:11 Europe/Berlin] APP::CONSTRUCT-> no hay controlador especificado
[15-May-2022 17:46:11 Europe/Berlin] SESSIONCONTROLLER::validateSession
[15-May-2022 17:46:11 Europe/Berlin] Conexión a BD exitosa
[15-May-2022 17:46:11 Europe/Berlin] PHP Warning:  Trying to access array offset on value of type bool in C:\xampp\htdocs\expense\models\usermodel.php on line 80
[15-May-2022 17:46:11 Europe/Berlin] PHP Warning:  Trying to access array offset on value of type bool in C:\xampp\htdocs\expense\models\usermodel.php on line 81
[15-May-2022 17:46:11 Europe/Berlin] PHP Warning:  Trying to access array offset on value of type bool in C:\xampp\htdocs\expense\models\usermodel.php on line 82
[15-May-2022 17:46:11 Europe/Berlin] PHP Warning:  Trying to access array offset on value of type bool in C:\xampp\htdocs\expense\models\usermodel.php on line 83
[15-May-2022 17:46:11 Europe/Berlin] PHP Warning:  Trying to access array offset on value of type bool in C:\xampp\htdocs\expense\models\usermodel.php on line 84
[15-May-2022 17:46:11 Europe/Berlin] PHP Warning:  Trying to access array offset on value of type bool in C:\xampp\htdocs\expense\models\usermodel.php on line 85
[15-May-2022 17:46:11 Europe/Berlin] PHP Warning:  Trying to access array offset on value of type bool in C:\xampp\htdocs\expense\models\usermodel.php on line 86
[15-May-2022 17:46:11 Europe/Berlin] SESSIONCONTROLLER::getUserSessionData -> 
[15-May-2022 17:46:11 Europe/Berlin] SESSIONCONTROLLER::getCurrentPage(): actual link-> /expense/
[15-May-2022 17:46:11 Europe/Berlin] Login::construct -> inicio de Login
[15-May-2022 17:46:11 Europe/Berlin] Login::render -> Carga index login
[15-May-2022 17:46:11 Europe/Berlin] Aqui termina la pagina
[15-May-2022 17:46:11 Europe/Berlin] --------------------------------------------------------------------------------------------------------------------------
[15-May-2022 17:46:12 Europe/Berlin] Inicio de app web
[15-May-2022 17:46:12 Europe/Berlin] APP::CONSTRUCT-> no hay controlador especificado
[15-May-2022 17:46:12 Europe/Berlin] SESSIONCONTROLLER::validateSession
[15-May-2022 17:46:12 Europe/Berlin] Conexión a BD exitosa
[15-May-2022 17:46:12 Europe/Berlin] PHP Warning:  Trying to access array offset on value of type bool in C:\xampp\htdocs\expense\models\usermodel.php on line 80
[15-May-2022 17:46:12 Europe/Berlin] PHP Warning:  Trying to access array offset on value of type bool in C:\xampp\htdocs\expense\models\usermodel.php on line 81
[15-May-2022 17:46:12 Europe/Berlin] PHP Warning:  Trying to access array offset on value of type bool in C:\xampp\htdocs\expense\models\usermodel.php on line 82
[15-May-2022 17:46:12 Europe/Berlin] PHP Warning:  Trying to access array offset on value of type bool in C:\xampp\htdocs\expense\models\usermodel.php on line 83
[15-May-2022 17:46:12 Europe/Berlin] PHP Warning:  Trying to access array offset on value of type bool in C:\xampp\htdocs\expense\models\usermodel.php on line 84
[15-May-2022 17:46:12 Europe/Berlin] PHP Warning:  Trying to access array offset on value of type bool in C:\xampp\htdocs\expense\models\usermodel.php on line 85
[15-May-2022 17:46:12 Europe/Berlin] PHP Warning:  Trying to access array offset on value of type bool in C:\xampp\htdocs\expense\models\usermodel.php on line 86
[15-May-2022 17:46:12 Europe/Berlin] SESSIONCONTROLLER::getUserSessionData -> 
[15-May-2022 17:46:12 Europe/Berlin] SESSIONCONTROLLER::getCurrentPage(): actual link-> /expense/
[15-May-2022 17:46:12 Europe/Berlin] Login::construct -> inicio de Login
[15-May-2022 17:46:12 Europe/Berlin] Login::render -> Carga index login
[15-May-2022 17:46:12 Europe/Berlin] Aqui termina la pagina
[15-May-2022 17:46:12 Europe/Berlin] --------------------------------------------------------------------------------------------------------------------------
[15-May-2022 17:46:12 Europe/Berlin] Inicio de app web
[15-May-2022 17:46:12 Europe/Berlin] APP::CONSTRUCT-> no hay controlador especificado
[15-May-2022 17:46:12 Europe/Berlin] SESSIONCONTROLLER::validateSession
[15-May-2022 17:46:12 Europe/Berlin] Conexión a BD exitosa
[15-May-2022 17:46:12 Europe/Berlin] PHP Warning:  Trying to access array offset on value of type bool in C:\xampp\htdocs\expense\models\usermodel.php on line 80
[15-May-2022 17:46:12 Europe/Berlin] PHP Warning:  Trying to access array offset on value of type bool in C:\xampp\htdocs\expense\models\usermodel.php on line 81
[15-May-2022 17:46:12 Europe/Berlin] PHP Warning:  Trying to access array offset on value of type bool in C:\xampp\htdocs\expense\models\usermodel.php on line 82
[15-May-2022 17:46:12 Europe/Berlin] PHP Warning:  Trying to access array offset on value of type bool in C:\xampp\htdocs\expense\models\usermodel.php on line 83
[15-May-2022 17:46:12 Europe/Berlin] PHP Warning:  Trying to access array offset on value of type bool in C:\xampp\htdocs\expense\models\usermodel.php on line 84
[15-May-2022 17:46:12 Europe/Berlin] PHP Warning:  Trying to access array offset on value of type bool in C:\xampp\htdocs\expense\models\usermodel.php on line 85
[15-May-2022 17:46:12 Europe/Berlin] PHP Warning:  Trying to access array offset on value of type bool in C:\xampp\htdocs\expense\models\usermodel.php on line 86
[15-May-2022 17:46:12 Europe/Berlin] SESSIONCONTROLLER::getUserSessionData -> 
[15-May-2022 17:46:12 Europe/Berlin] SESSIONCONTROLLER::getCurrentPage(): actual link-> /expense/
[15-May-2022 17:46:12 Europe/Berlin] Login::construct -> inicio de Login
[15-May-2022 17:46:12 Europe/Berlin] Login::render -> Carga index login
[15-May-2022 17:46:12 Europe/Berlin] Aqui termina la pagina
[15-May-2022 17:46:12 Europe/Berlin] --------------------------------------------------------------------------------------------------------------------------
[15-May-2022 17:46:13 Europe/Berlin] Inicio de app web
[15-May-2022 17:46:13 Europe/Berlin] APP::CONSTRUCT-> no hay controlador especificado
[15-May-2022 17:46:13 Europe/Berlin] SESSIONCONTROLLER::validateSession
[15-May-2022 17:46:13 Europe/Berlin] Conexión a BD exitosa
[15-May-2022 17:46:13 Europe/Berlin] PHP Warning:  Trying to access array offset on value of type bool in C:\xampp\htdocs\expense\models\usermodel.php on line 80
[15-May-2022 17:46:13 Europe/Berlin] PHP Warning:  Trying to access array offset on value of type bool in C:\xampp\htdocs\expense\models\usermodel.php on line 81
[15-May-2022 17:46:13 Europe/Berlin] PHP Warning:  Trying to access array offset on value of type bool in C:\xampp\htdocs\expense\models\usermodel.php on line 82
[15-May-2022 17:46:13 Europe/Berlin] PHP Warning:  Trying to access array offset on value of type bool in C:\xampp\htdocs\expense\models\usermodel.php on line 83
[15-May-2022 17:46:13 Europe/Berlin] PHP Warning:  Trying to access array offset on value of type bool in C:\xampp\htdocs\expense\models\usermodel.php on line 84
[15-May-2022 17:46:13 Europe/Berlin] PHP Warning:  Trying to access array offset on value of type bool in C:\xampp\htdocs\expense\models\usermodel.php on line 85
[15-May-2022 17:46:13 Europe/Berlin] PHP Warning:  Trying to access array offset on value of type bool in C:\xampp\htdocs\expense\models\usermodel.php on line 86
[15-May-2022 17:46:13 Europe/Berlin] SESSIONCONTROLLER::getUserSessionData -> 
[15-May-2022 17:46:13 Europe/Berlin] SESSIONCONTROLLER::getCurrentPage(): actual link-> /expense/
[15-May-2022 17:46:13 Europe/Berlin] Login::construct -> inicio de Login
[15-May-2022 17:46:13 Europe/Berlin] Login::render -> Carga index login
[15-May-2022 17:46:13 Europe/Berlin] Aqui termina la pagina
[15-May-2022 17:46:13 Europe/Berlin] --------------------------------------------------------------------------------------------------------------------------
[15-May-2022 17:46:13 Europe/Berlin] Inicio de app web
[15-May-2022 17:46:13 Europe/Berlin] APP::CONSTRUCT-> no hay controlador especificado
[15-May-2022 17:46:13 Europe/Berlin] SESSIONCONTROLLER::validateSession
[15-May-2022 17:46:13 Europe/Berlin] Conexión a BD exitosa
[15-May-2022 17:46:13 Europe/Berlin] PHP Warning:  Trying to access array offset on value of type bool in C:\xampp\htdocs\expense\models\usermodel.php on line 80
[15-May-2022 17:46:13 Europe/Berlin] PHP Warning:  Trying to access array offset on value of type bool in C:\xampp\htdocs\expense\models\usermodel.php on line 81
[15-May-2022 17:46:13 Europe/Berlin] PHP Warning:  Trying to access array offset on value of type bool in C:\xampp\htdocs\expense\models\usermodel.php on line 82
[15-May-2022 17:46:13 Europe/Berlin] PHP Warning:  Trying to access array offset on value of type bool in C:\xampp\htdocs\expense\models\usermodel.php on line 83
[15-May-2022 17:46:13 Europe/Berlin] PHP Warning:  Trying to access array offset on value of type bool in C:\xampp\htdocs\expense\models\usermodel.php on line 84
[15-May-2022 17:46:13 Europe/Berlin] PHP Warning:  Trying to access array offset on value of type bool in C:\xampp\htdocs\expense\models\usermodel.php on line 85
[15-May-2022 17:46:13 Europe/Berlin] PHP Warning:  Trying to access array offset on value of type bool in C:\xampp\htdocs\expense\models\usermodel.php on line 86
[15-May-2022 17:46:13 Europe/Berlin] SESSIONCONTROLLER::getUserSessionData -> 
[15-May-2022 17:46:13 Europe/Berlin] SESSIONCONTROLLER::getCurrentPage(): actual link-> /expense/
[15-May-2022 17:46:13 Europe/Berlin] Login::construct -> inicio de Login
[15-May-2022 17:46:13 Europe/Berlin] Login::render -> Carga index login
[15-May-2022 17:46:13 Europe/Berlin] Aqui termina la pagina
[15-May-2022 17:46:13 Europe/Berlin] --------------------------------------------------------------------------------------------------------------------------
[15-May-2022 17:46:14 Europe/Berlin] Inicio de app web
[15-May-2022 17:46:14 Europe/Berlin] APP::CONSTRUCT-> no hay controlador especificado
[15-May-2022 17:46:14 Europe/Berlin] SESSIONCONTROLLER::validateSession
[15-May-2022 17:46:14 Europe/Berlin] Conexión a BD exitosa
[15-May-2022 17:46:14 Europe/Berlin] PHP Warning:  Trying to access array offset on value of type bool in C:\xampp\htdocs\expense\models\usermodel.php on line 80
[15-May-2022 17:46:14 Europe/Berlin] PHP Warning:  Trying to access array offset on value of type bool in C:\xampp\htdocs\expense\models\usermodel.php on line 81
[15-May-2022 17:46:14 Europe/Berlin] PHP Warning:  Trying to access array offset on value of type bool in C:\xampp\htdocs\expense\models\usermodel.php on line 82
[15-May-2022 17:46:14 Europe/Berlin] PHP Warning:  Trying to access array offset on value of type bool in C:\xampp\htdocs\expense\models\usermodel.php on line 83
[15-May-2022 17:46:14 Europe/Berlin] PHP Warning:  Trying to access array offset on value of type bool in C:\xampp\htdocs\expense\models\usermodel.php on line 84
[15-May-2022 17:46:14 Europe/Berlin] PHP Warning:  Trying to access array offset on value of type bool in C:\xampp\htdocs\expense\models\usermodel.php on line 85
[15-May-2022 17:46:14 Europe/Berlin] PHP Warning:  Trying to access array offset on value of type bool in C:\xampp\htdocs\expense\models\usermodel.php on line 86
[15-May-2022 17:46:14 Europe/Berlin] SESSIONCONTROLLER::getUserSessionData -> 
[15-May-2022 17:46:14 Europe/Berlin] SESSIONCONTROLLER::getCurrentPage(): actual link-> /expense/
[15-May-2022 17:46:14 Europe/Berlin] Login::construct -> inicio de Login
[15-May-2022 17:46:14 Europe/Berlin] Login::render -> Carga index login
[15-May-2022 17:46:14 Europe/Berlin] Aqui termina la pagina
[15-May-2022 17:46:14 Europe/Berlin] --------------------------------------------------------------------------------------------------------------------------
[15-May-2022 17:46:14 Europe/Berlin] Inicio de app web
[15-May-2022 17:46:14 Europe/Berlin] APP::CONSTRUCT-> no hay controlador especificado
[15-May-2022 17:46:14 Europe/Berlin] SESSIONCONTROLLER::validateSession
[15-May-2022 17:46:14 Europe/Berlin] Conexión a BD exitosa
[15-May-2022 17:46:14 Europe/Berlin] PHP Warning:  Trying to access array offset on value of type bool in C:\xampp\htdocs\expense\models\usermodel.php on line 80
[15-May-2022 17:46:14 Europe/Berlin] PHP Warning:  Trying to access array offset on value of type bool in C:\xampp\htdocs\expense\models\usermodel.php on line 81
[15-May-2022 17:46:14 Europe/Berlin] PHP Warning:  Trying to access array offset on value of type bool in C:\xampp\htdocs\expense\models\usermodel.php on line 82
[15-May-2022 17:46:14 Europe/Berlin] PHP Warning:  Trying to access array offset on value of type bool in C:\xampp\htdocs\expense\models\usermodel.php on line 83
[15-May-2022 17:46:14 Europe/Berlin] PHP Warning:  Trying to access array offset on value of type bool in C:\xampp\htdocs\expense\models\usermodel.php on line 84
[15-May-2022 17:46:14 Europe/Berlin] PHP Warning:  Trying to access array offset on value of type bool in C:\xampp\htdocs\expense\models\usermodel.php on line 85
[15-May-2022 17:46:14 Europe/Berlin] PHP Warning:  Trying to access array offset on value of type bool in C:\xampp\htdocs\expense\models\usermodel.php on line 86
[15-May-2022 17:46:14 Europe/Berlin] SESSIONCONTROLLER::getUserSessionData -> 
[15-May-2022 17:46:14 Europe/Berlin] SESSIONCONTROLLER::getCurrentPage(): actual link-> /expense/
[15-May-2022 17:46:14 Europe/Berlin] Login::construct -> inicio de Login
[15-May-2022 17:46:14 Europe/Berlin] Login::render -> Carga index login
[15-May-2022 17:46:14 Europe/Berlin] Aqui termina la pagina
[15-May-2022 17:46:14 Europe/Berlin] --------------------------------------------------------------------------------------------------------------------------
[15-May-2022 17:47:10 Europe/Berlin] Inicio de app web
[15-May-2022 17:47:10 Europe/Berlin] SESSIONCONTROLLER::validateSession
[15-May-2022 17:47:10 Europe/Berlin] Conexión a BD exitosa
[15-May-2022 17:47:10 Europe/Berlin] PHP Warning:  Trying to access array offset on value of type bool in C:\xampp\htdocs\expense\models\usermodel.php on line 80
[15-May-2022 17:47:10 Europe/Berlin] PHP Warning:  Trying to access array offset on value of type bool in C:\xampp\htdocs\expense\models\usermodel.php on line 81
[15-May-2022 17:47:10 Europe/Berlin] PHP Warning:  Trying to access array offset on value of type bool in C:\xampp\htdocs\expense\models\usermodel.php on line 82
[15-May-2022 17:47:10 Europe/Berlin] PHP Warning:  Trying to access array offset on value of type bool in C:\xampp\htdocs\expense\models\usermodel.php on line 83
[15-May-2022 17:47:10 Europe/Berlin] PHP Warning:  Trying to access array offset on value of type bool in C:\xampp\htdocs\expense\models\usermodel.php on line 84
[15-May-2022 17:47:10 Europe/Berlin] PHP Warning:  Trying to access array offset on value of type bool in C:\xampp\htdocs\expense\models\usermodel.php on line 85
[15-May-2022 17:47:10 Europe/Berlin] PHP Warning:  Trying to access array offset on value of type bool in C:\xampp\htdocs\expense\models\usermodel.php on line 86
[15-May-2022 17:47:10 Europe/Berlin] SESSIONCONTROLLER::getUserSessionData -> 
[15-May-2022 17:47:10 Europe/Berlin] SESSIONCONTROLLER::getCurrentPage(): actual link-> /expense/loginlogin
[15-May-2022 17:47:10 Europe/Berlin] SESSIONCONTROLLER::getCurrentPage(): actual link-> /expense/loginlogin
[15-May-2022 17:47:10 Europe/Berlin] Login::construct -> inicio de Login
[15-May-2022 17:47:10 Europe/Berlin] Login::render -> Carga index login
[15-May-2022 17:47:10 Europe/Berlin] Aqui termina la pagina
[15-May-2022 17:47:10 Europe/Berlin] --------------------------------------------------------------------------------------------------------------------------
[15-May-2022 17:47:11 Europe/Berlin] Inicio de app web
[15-May-2022 17:47:11 Europe/Berlin] APP::CONSTRUCT-> no hay controlador especificado
[15-May-2022 17:47:11 Europe/Berlin] SESSIONCONTROLLER::validateSession
[15-May-2022 17:47:11 Europe/Berlin] Conexión a BD exitosa
[15-May-2022 17:47:11 Europe/Berlin] PHP Warning:  Trying to access array offset on value of type bool in C:\xampp\htdocs\expense\models\usermodel.php on line 80
[15-May-2022 17:47:11 Europe/Berlin] PHP Warning:  Trying to access array offset on value of type bool in C:\xampp\htdocs\expense\models\usermodel.php on line 81
[15-May-2022 17:47:11 Europe/Berlin] PHP Warning:  Trying to access array offset on value of type bool in C:\xampp\htdocs\expense\models\usermodel.php on line 82
[15-May-2022 17:47:11 Europe/Berlin] PHP Warning:  Trying to access array offset on value of type bool in C:\xampp\htdocs\expense\models\usermodel.php on line 83
[15-May-2022 17:47:11 Europe/Berlin] PHP Warning:  Trying to access array offset on value of type bool in C:\xampp\htdocs\expense\models\usermodel.php on line 84
[15-May-2022 17:47:11 Europe/Berlin] PHP Warning:  Trying to access array offset on value of type bool in C:\xampp\htdocs\expense\models\usermodel.php on line 85
[15-May-2022 17:47:11 Europe/Berlin] PHP Warning:  Trying to access array offset on value of type bool in C:\xampp\htdocs\expense\models\usermodel.php on line 86
[15-May-2022 17:47:11 Europe/Berlin] SESSIONCONTROLLER::getUserSessionData -> 
[15-May-2022 17:47:11 Europe/Berlin] SESSIONCONTROLLER::getCurrentPage(): actual link-> /expense/
[15-May-2022 17:47:11 Europe/Berlin] Login::construct -> inicio de Login
[15-May-2022 17:47:11 Europe/Berlin] Login::render -> Carga index login
[15-May-2022 17:47:11 Europe/Berlin] Aqui termina la pagina
[15-May-2022 17:47:11 Europe/Berlin] --------------------------------------------------------------------------------------------------------------------------
[15-May-2022 17:47:11 Europe/Berlin] Inicio de app web
[15-May-2022 17:47:11 Europe/Berlin] APP::CONSTRUCT-> no hay controlador especificado
[15-May-2022 17:47:11 Europe/Berlin] SESSIONCONTROLLER::validateSession
[15-May-2022 17:47:11 Europe/Berlin] Conexión a BD exitosa
[15-May-2022 17:47:11 Europe/Berlin] PHP Warning:  Trying to access array offset on value of type bool in C:\xampp\htdocs\expense\models\usermodel.php on line 80
[15-May-2022 17:47:11 Europe/Berlin] PHP Warning:  Trying to access array offset on value of type bool in C:\xampp\htdocs\expense\models\usermodel.php on line 81
[15-May-2022 17:47:11 Europe/Berlin] PHP Warning:  Trying to access array offset on value of type bool in C:\xampp\htdocs\expense\models\usermodel.php on line 82
[15-May-2022 17:47:11 Europe/Berlin] PHP Warning:  Trying to access array offset on value of type bool in C:\xampp\htdocs\expense\models\usermodel.php on line 83
[15-May-2022 17:47:11 Europe/Berlin] PHP Warning:  Trying to access array offset on value of type bool in C:\xampp\htdocs\expense\models\usermodel.php on line 84
[15-May-2022 17:47:11 Europe/Berlin] PHP Warning:  Trying to access array offset on value of type bool in C:\xampp\htdocs\expense\models\usermodel.php on line 85
[15-May-2022 17:47:11 Europe/Berlin] PHP Warning:  Trying to access array offset on value of type bool in C:\xampp\htdocs\expense\models\usermodel.php on line 86
[15-May-2022 17:47:11 Europe/Berlin] SESSIONCONTROLLER::getUserSessionData -> 
[15-May-2022 17:47:11 Europe/Berlin] SESSIONCONTROLLER::getCurrentPage(): actual link-> /expense/
[15-May-2022 17:47:11 Europe/Berlin] Login::construct -> inicio de Login
[15-May-2022 17:47:11 Europe/Berlin] Login::render -> Carga index login
[15-May-2022 17:47:11 Europe/Berlin] Aqui termina la pagina
[15-May-2022 17:47:11 Europe/Berlin] --------------------------------------------------------------------------------------------------------------------------
[15-May-2022 17:47:12 Europe/Berlin] Inicio de app web
[15-May-2022 17:47:12 Europe/Berlin] APP::CONSTRUCT-> no hay controlador especificado
[15-May-2022 17:47:12 Europe/Berlin] SESSIONCONTROLLER::validateSession
[15-May-2022 17:47:12 Europe/Berlin] Conexión a BD exitosa
[15-May-2022 17:47:12 Europe/Berlin] PHP Warning:  Trying to access array offset on value of type bool in C:\xampp\htdocs\expense\models\usermodel.php on line 80
[15-May-2022 17:47:12 Europe/Berlin] PHP Warning:  Trying to access array offset on value of type bool in C:\xampp\htdocs\expense\models\usermodel.php on line 81
[15-May-2022 17:47:12 Europe/Berlin] PHP Warning:  Trying to access array offset on value of type bool in C:\xampp\htdocs\expense\models\usermodel.php on line 82
[15-May-2022 17:47:12 Europe/Berlin] PHP Warning:  Trying to access array offset on value of type bool in C:\xampp\htdocs\expense\models\usermodel.php on line 83
[15-May-2022 17:47:12 Europe/Berlin] PHP Warning:  Trying to access array offset on value of type bool in C:\xampp\htdocs\expense\models\usermodel.php on line 84
[15-May-2022 17:47:12 Europe/Berlin] PHP Warning:  Trying to access array offset on value of type bool in C:\xampp\htdocs\expense\models\usermodel.php on line 85
[15-May-2022 17:47:12 Europe/Berlin] PHP Warning:  Trying to access array offset on value of type bool in C:\xampp\htdocs\expense\models\usermodel.php on line 86
[15-May-2022 17:47:12 Europe/Berlin] SESSIONCONTROLLER::getUserSessionData -> 
[15-May-2022 17:47:12 Europe/Berlin] SESSIONCONTROLLER::getCurrentPage(): actual link-> /expense/
[15-May-2022 17:47:12 Europe/Berlin] Login::construct -> inicio de Login
[15-May-2022 17:47:12 Europe/Berlin] Login::render -> Carga index login
[15-May-2022 17:47:12 Europe/Berlin] Aqui termina la pagina
[15-May-2022 17:47:12 Europe/Berlin] --------------------------------------------------------------------------------------------------------------------------
[15-May-2022 17:47:12 Europe/Berlin] Inicio de app web
[15-May-2022 17:47:12 Europe/Berlin] APP::CONSTRUCT-> no hay controlador especificado
[15-May-2022 17:47:12 Europe/Berlin] SESSIONCONTROLLER::validateSession
[15-May-2022 17:47:12 Europe/Berlin] Conexión a BD exitosa
[15-May-2022 17:47:12 Europe/Berlin] PHP Warning:  Trying to access array offset on value of type bool in C:\xampp\htdocs\expense\models\usermodel.php on line 80
[15-May-2022 17:47:12 Europe/Berlin] PHP Warning:  Trying to access array offset on value of type bool in C:\xampp\htdocs\expense\models\usermodel.php on line 81
[15-May-2022 17:47:12 Europe/Berlin] PHP Warning:  Trying to access array offset on value of type bool in C:\xampp\htdocs\expense\models\usermodel.php on line 82
[15-May-2022 17:47:12 Europe/Berlin] PHP Warning:  Trying to access array offset on value of type bool in C:\xampp\htdocs\expense\models\usermodel.php on line 83
[15-May-2022 17:47:12 Europe/Berlin] PHP Warning:  Trying to access array offset on value of type bool in C:\xampp\htdocs\expense\models\usermodel.php on line 84
[15-May-2022 17:47:12 Europe/Berlin] PHP Warning:  Trying to access array offset on value of type bool in C:\xampp\htdocs\expense\models\usermodel.php on line 85
[15-May-2022 17:47:12 Europe/Berlin] PHP Warning:  Trying to access array offset on value of type bool in C:\xampp\htdocs\expense\models\usermodel.php on line 86
[15-May-2022 17:47:12 Europe/Berlin] SESSIONCONTROLLER::getUserSessionData -> 
[15-May-2022 17:47:12 Europe/Berlin] SESSIONCONTROLLER::getCurrentPage(): actual link-> /expense/
[15-May-2022 17:47:12 Europe/Berlin] Login::construct -> inicio de Login
[15-May-2022 17:47:12 Europe/Berlin] Login::render -> Carga index login
[15-May-2022 17:47:12 Europe/Berlin] Aqui termina la pagina
[15-May-2022 17:47:12 Europe/Berlin] --------------------------------------------------------------------------------------------------------------------------
[15-May-2022 17:47:13 Europe/Berlin] Inicio de app web
[15-May-2022 17:47:13 Europe/Berlin] APP::CONSTRUCT-> no hay controlador especificado
[15-May-2022 17:47:13 Europe/Berlin] SESSIONCONTROLLER::validateSession
[15-May-2022 17:47:13 Europe/Berlin] Conexión a BD exitosa
[15-May-2022 17:47:13 Europe/Berlin] PHP Warning:  Trying to access array offset on value of type bool in C:\xampp\htdocs\expense\models\usermodel.php on line 80
[15-May-2022 17:47:13 Europe/Berlin] PHP Warning:  Trying to access array offset on value of type bool in C:\xampp\htdocs\expense\models\usermodel.php on line 81
[15-May-2022 17:47:13 Europe/Berlin] PHP Warning:  Trying to access array offset on value of type bool in C:\xampp\htdocs\expense\models\usermodel.php on line 82
[15-May-2022 17:47:13 Europe/Berlin] PHP Warning:  Trying to access array offset on value of type bool in C:\xampp\htdocs\expense\models\usermodel.php on line 83
[15-May-2022 17:47:13 Europe/Berlin] PHP Warning:  Trying to access array offset on value of type bool in C:\xampp\htdocs\expense\models\usermodel.php on line 84
[15-May-2022 17:47:13 Europe/Berlin] PHP Warning:  Trying to access array offset on value of type bool in C:\xampp\htdocs\expense\models\usermodel.php on line 85
[15-May-2022 17:47:13 Europe/Berlin] PHP Warning:  Trying to access array offset on value of type bool in C:\xampp\htdocs\expense\models\usermodel.php on line 86
[15-May-2022 17:47:13 Europe/Berlin] SESSIONCONTROLLER::getUserSessionData -> 
[15-May-2022 17:47:13 Europe/Berlin] SESSIONCONTROLLER::getCurrentPage(): actual link-> /expense/
[15-May-2022 17:47:13 Europe/Berlin] Login::construct -> inicio de Login
[15-May-2022 17:47:13 Europe/Berlin] Login::render -> Carga index login
[15-May-2022 17:47:13 Europe/Berlin] Aqui termina la pagina
[15-May-2022 17:47:13 Europe/Berlin] --------------------------------------------------------------------------------------------------------------------------
[15-May-2022 17:47:13 Europe/Berlin] Inicio de app web
[15-May-2022 17:47:13 Europe/Berlin] APP::CONSTRUCT-> no hay controlador especificado
[15-May-2022 17:47:13 Europe/Berlin] SESSIONCONTROLLER::validateSession
[15-May-2022 17:47:13 Europe/Berlin] Conexión a BD exitosa
[15-May-2022 17:47:13 Europe/Berlin] PHP Warning:  Trying to access array offset on value of type bool in C:\xampp\htdocs\expense\models\usermodel.php on line 80
[15-May-2022 17:47:13 Europe/Berlin] PHP Warning:  Trying to access array offset on value of type bool in C:\xampp\htdocs\expense\models\usermodel.php on line 81
[15-May-2022 17:47:13 Europe/Berlin] PHP Warning:  Trying to access array offset on value of type bool in C:\xampp\htdocs\expense\models\usermodel.php on line 82
[15-May-2022 17:47:13 Europe/Berlin] PHP Warning:  Trying to access array offset on value of type bool in C:\xampp\htdocs\expense\models\usermodel.php on line 83
[15-May-2022 17:47:13 Europe/Berlin] PHP Warning:  Trying to access array offset on value of type bool in C:\xampp\htdocs\expense\models\usermodel.php on line 84
[15-May-2022 17:47:13 Europe/Berlin] PHP Warning:  Trying to access array offset on value of type bool in C:\xampp\htdocs\expense\models\usermodel.php on line 85
[15-May-2022 17:47:13 Europe/Berlin] PHP Warning:  Trying to access array offset on value of type bool in C:\xampp\htdocs\expense\models\usermodel.php on line 86
[15-May-2022 17:47:13 Europe/Berlin] SESSIONCONTROLLER::getUserSessionData -> 
[15-May-2022 17:47:13 Europe/Berlin] SESSIONCONTROLLER::getCurrentPage(): actual link-> /expense/
[15-May-2022 17:47:13 Europe/Berlin] Login::construct -> inicio de Login
[15-May-2022 17:47:13 Europe/Berlin] Login::render -> Carga index login
[15-May-2022 17:47:13 Europe/Berlin] Aqui termina la pagina
[15-May-2022 17:47:13 Europe/Berlin] --------------------------------------------------------------------------------------------------------------------------
[15-May-2022 17:47:14 Europe/Berlin] Inicio de app web
[15-May-2022 17:47:14 Europe/Berlin] APP::CONSTRUCT-> no hay controlador especificado
[15-May-2022 17:47:14 Europe/Berlin] SESSIONCONTROLLER::validateSession
[15-May-2022 17:47:14 Europe/Berlin] Conexión a BD exitosa
[15-May-2022 17:47:14 Europe/Berlin] PHP Warning:  Trying to access array offset on value of type bool in C:\xampp\htdocs\expense\models\usermodel.php on line 80
[15-May-2022 17:47:14 Europe/Berlin] PHP Warning:  Trying to access array offset on value of type bool in C:\xampp\htdocs\expense\models\usermodel.php on line 81
[15-May-2022 17:47:14 Europe/Berlin] PHP Warning:  Trying to access array offset on value of type bool in C:\xampp\htdocs\expense\models\usermodel.php on line 82
[15-May-2022 17:47:14 Europe/Berlin] PHP Warning:  Trying to access array offset on value of type bool in C:\xampp\htdocs\expense\models\usermodel.php on line 83
[15-May-2022 17:47:14 Europe/Berlin] PHP Warning:  Trying to access array offset on value of type bool in C:\xampp\htdocs\expense\models\usermodel.php on line 84
[15-May-2022 17:47:14 Europe/Berlin] PHP Warning:  Trying to access array offset on value of type bool in C:\xampp\htdocs\expense\models\usermodel.php on line 85
[15-May-2022 17:47:14 Europe/Berlin] PHP Warning:  Trying to access array offset on value of type bool in C:\xampp\htdocs\expense\models\usermodel.php on line 86
[15-May-2022 17:47:14 Europe/Berlin] SESSIONCONTROLLER::getUserSessionData -> 
[15-May-2022 17:47:14 Europe/Berlin] SESSIONCONTROLLER::getCurrentPage(): actual link-> /expense/
[15-May-2022 17:47:14 Europe/Berlin] Login::construct -> inicio de Login
[15-May-2022 17:47:14 Europe/Berlin] Login::render -> Carga index login
[15-May-2022 17:47:14 Europe/Berlin] Aqui termina la pagina
[15-May-2022 17:47:14 Europe/Berlin] --------------------------------------------------------------------------------------------------------------------------
[15-May-2022 17:47:14 Europe/Berlin] Inicio de app web
[15-May-2022 17:47:14 Europe/Berlin] APP::CONSTRUCT-> no hay controlador especificado
[15-May-2022 17:47:14 Europe/Berlin] SESSIONCONTROLLER::validateSession
[15-May-2022 17:47:14 Europe/Berlin] Conexión a BD exitosa
[15-May-2022 17:47:14 Europe/Berlin] PHP Warning:  Trying to access array offset on value of type bool in C:\xampp\htdocs\expense\models\usermodel.php on line 80
[15-May-2022 17:47:14 Europe/Berlin] PHP Warning:  Trying to access array offset on value of type bool in C:\xampp\htdocs\expense\models\usermodel.php on line 81
[15-May-2022 17:47:14 Europe/Berlin] PHP Warning:  Trying to access array offset on value of type bool in C:\xampp\htdocs\expense\models\usermodel.php on line 82
[15-May-2022 17:47:14 Europe/Berlin] PHP Warning:  Trying to access array offset on value of type bool in C:\xampp\htdocs\expense\models\usermodel.php on line 83
[15-May-2022 17:47:14 Europe/Berlin] PHP Warning:  Trying to access array offset on value of type bool in C:\xampp\htdocs\expense\models\usermodel.php on line 84
[15-May-2022 17:47:14 Europe/Berlin] PHP Warning:  Trying to access array offset on value of type bool in C:\xampp\htdocs\expense\models\usermodel.php on line 85
[15-May-2022 17:47:14 Europe/Berlin] PHP Warning:  Trying to access array offset on value of type bool in C:\xampp\htdocs\expense\models\usermodel.php on line 86
[15-May-2022 17:47:14 Europe/Berlin] SESSIONCONTROLLER::getUserSessionData -> 
[15-May-2022 17:47:14 Europe/Berlin] SESSIONCONTROLLER::getCurrentPage(): actual link-> /expense/
[15-May-2022 17:47:14 Europe/Berlin] Login::construct -> inicio de Login
[15-May-2022 17:47:14 Europe/Berlin] Login::render -> Carga index login
[15-May-2022 17:47:14 Europe/Berlin] Aqui termina la pagina
[15-May-2022 17:47:14 Europe/Berlin] --------------------------------------------------------------------------------------------------------------------------
[15-May-2022 17:47:20 Europe/Berlin] Inicio de app web
[15-May-2022 17:47:20 Europe/Berlin] APP::CONSTRUCT-> no hay controlador especificado
[15-May-2022 17:47:20 Europe/Berlin] SESSIONCONTROLLER::validateSession
[15-May-2022 17:47:20 Europe/Berlin] Conexión a BD exitosa
[15-May-2022 17:47:20 Europe/Berlin] PHP Warning:  Trying to access array offset on value of type bool in C:\xampp\htdocs\expense\models\usermodel.php on line 80
[15-May-2022 17:47:20 Europe/Berlin] PHP Warning:  Trying to access array offset on value of type bool in C:\xampp\htdocs\expense\models\usermodel.php on line 81
[15-May-2022 17:47:20 Europe/Berlin] PHP Warning:  Trying to access array offset on value of type bool in C:\xampp\htdocs\expense\models\usermodel.php on line 82
[15-May-2022 17:47:20 Europe/Berlin] PHP Warning:  Trying to access array offset on value of type bool in C:\xampp\htdocs\expense\models\usermodel.php on line 83
[15-May-2022 17:47:20 Europe/Berlin] PHP Warning:  Trying to access array offset on value of type bool in C:\xampp\htdocs\expense\models\usermodel.php on line 84
[15-May-2022 17:47:20 Europe/Berlin] PHP Warning:  Trying to access array offset on value of type bool in C:\xampp\htdocs\expense\models\usermodel.php on line 85
[15-May-2022 17:47:20 Europe/Berlin] PHP Warning:  Trying to access array offset on value of type bool in C:\xampp\htdocs\expense\models\usermodel.php on line 86
[15-May-2022 17:47:20 Europe/Berlin] SESSIONCONTROLLER::getUserSessionData -> 
[15-May-2022 17:47:20 Europe/Berlin] SESSIONCONTROLLER::getCurrentPage(): actual link-> /expense/
[15-May-2022 17:47:20 Europe/Berlin] Login::construct -> inicio de Login
[15-May-2022 17:47:20 Europe/Berlin] Login::render -> Carga index login
[15-May-2022 17:47:20 Europe/Berlin] Aqui termina la pagina
[15-May-2022 17:47:20 Europe/Berlin] --------------------------------------------------------------------------------------------------------------------------
[15-May-2022 17:47:20 Europe/Berlin] Inicio de app web
[15-May-2022 17:47:20 Europe/Berlin] APP::CONSTRUCT-> no hay controlador especificado
[15-May-2022 17:47:20 Europe/Berlin] SESSIONCONTROLLER::validateSession
[15-May-2022 17:47:20 Europe/Berlin] Conexión a BD exitosa
[15-May-2022 17:47:20 Europe/Berlin] PHP Warning:  Trying to access array offset on value of type bool in C:\xampp\htdocs\expense\models\usermodel.php on line 80
[15-May-2022 17:47:20 Europe/Berlin] PHP Warning:  Trying to access array offset on value of type bool in C:\xampp\htdocs\expense\models\usermodel.php on line 81
[15-May-2022 17:47:20 Europe/Berlin] PHP Warning:  Trying to access array offset on value of type bool in C:\xampp\htdocs\expense\models\usermodel.php on line 82
[15-May-2022 17:47:20 Europe/Berlin] PHP Warning:  Trying to access array offset on value of type bool in C:\xampp\htdocs\expense\models\usermodel.php on line 83
[15-May-2022 17:47:20 Europe/Berlin] PHP Warning:  Trying to access array offset on value of type bool in C:\xampp\htdocs\expense\models\usermodel.php on line 84
[15-May-2022 17:47:20 Europe/Berlin] PHP Warning:  Trying to access array offset on value of type bool in C:\xampp\htdocs\expense\models\usermodel.php on line 85
[15-May-2022 17:47:20 Europe/Berlin] PHP Warning:  Trying to access array offset on value of type bool in C:\xampp\htdocs\expense\models\usermodel.php on line 86
[15-May-2022 17:47:20 Europe/Berlin] SESSIONCONTROLLER::getUserSessionData -> 
[15-May-2022 17:47:20 Europe/Berlin] SESSIONCONTROLLER::getCurrentPage(): actual link-> /expense/
[15-May-2022 17:47:20 Europe/Berlin] Login::construct -> inicio de Login
[15-May-2022 17:47:20 Europe/Berlin] Login::render -> Carga index login
[15-May-2022 17:47:20 Europe/Berlin] Aqui termina la pagina
[15-May-2022 17:47:20 Europe/Berlin] --------------------------------------------------------------------------------------------------------------------------
[15-May-2022 17:47:21 Europe/Berlin] Inicio de app web
[15-May-2022 17:47:21 Europe/Berlin] APP::CONSTRUCT-> no hay controlador especificado
[15-May-2022 17:47:21 Europe/Berlin] SESSIONCONTROLLER::validateSession
[15-May-2022 17:47:21 Europe/Berlin] Conexión a BD exitosa
[15-May-2022 17:47:21 Europe/Berlin] PHP Warning:  Trying to access array offset on value of type bool in C:\xampp\htdocs\expense\models\usermodel.php on line 80
[15-May-2022 17:47:21 Europe/Berlin] PHP Warning:  Trying to access array offset on value of type bool in C:\xampp\htdocs\expense\models\usermodel.php on line 81
[15-May-2022 17:47:21 Europe/Berlin] PHP Warning:  Trying to access array offset on value of type bool in C:\xampp\htdocs\expense\models\usermodel.php on line 82
[15-May-2022 17:47:21 Europe/Berlin] PHP Warning:  Trying to access array offset on value of type bool in C:\xampp\htdocs\expense\models\usermodel.php on line 83
[15-May-2022 17:47:21 Europe/Berlin] PHP Warning:  Trying to access array offset on value of type bool in C:\xampp\htdocs\expense\models\usermodel.php on line 84
[15-May-2022 17:47:21 Europe/Berlin] PHP Warning:  Trying to access array offset on value of type bool in C:\xampp\htdocs\expense\models\usermodel.php on line 85
[15-May-2022 17:47:21 Europe/Berlin] PHP Warning:  Trying to access array offset on value of type bool in C:\xampp\htdocs\expense\models\usermodel.php on line 86
[15-May-2022 17:47:21 Europe/Berlin] SESSIONCONTROLLER::getUserSessionData -> 
[15-May-2022 17:47:21 Europe/Berlin] SESSIONCONTROLLER::getCurrentPage(): actual link-> /expense/
[15-May-2022 17:47:21 Europe/Berlin] Login::construct -> inicio de Login
[15-May-2022 17:47:21 Europe/Berlin] Login::render -> Carga index login
[15-May-2022 17:47:21 Europe/Berlin] Aqui termina la pagina
[15-May-2022 17:47:21 Europe/Berlin] --------------------------------------------------------------------------------------------------------------------------
[15-May-2022 17:47:21 Europe/Berlin] Inicio de app web
[15-May-2022 17:47:21 Europe/Berlin] APP::CONSTRUCT-> no hay controlador especificado
[15-May-2022 17:47:21 Europe/Berlin] SESSIONCONTROLLER::validateSession
[15-May-2022 17:47:21 Europe/Berlin] Conexión a BD exitosa
[15-May-2022 17:47:21 Europe/Berlin] PHP Warning:  Trying to access array offset on value of type bool in C:\xampp\htdocs\expense\models\usermodel.php on line 80
[15-May-2022 17:47:21 Europe/Berlin] PHP Warning:  Trying to access array offset on value of type bool in C:\xampp\htdocs\expense\models\usermodel.php on line 81
[15-May-2022 17:47:21 Europe/Berlin] PHP Warning:  Trying to access array offset on value of type bool in C:\xampp\htdocs\expense\models\usermodel.php on line 82
[15-May-2022 17:47:21 Europe/Berlin] PHP Warning:  Trying to access array offset on value of type bool in C:\xampp\htdocs\expense\models\usermodel.php on line 83
[15-May-2022 17:47:21 Europe/Berlin] PHP Warning:  Trying to access array offset on value of type bool in C:\xampp\htdocs\expense\models\usermodel.php on line 84
[15-May-2022 17:47:21 Europe/Berlin] PHP Warning:  Trying to access array offset on value of type bool in C:\xampp\htdocs\expense\models\usermodel.php on line 85
[15-May-2022 17:47:21 Europe/Berlin] PHP Warning:  Trying to access array offset on value of type bool in C:\xampp\htdocs\expense\models\usermodel.php on line 86
[15-May-2022 17:47:21 Europe/Berlin] SESSIONCONTROLLER::getUserSessionData -> 
[15-May-2022 17:47:21 Europe/Berlin] SESSIONCONTROLLER::getCurrentPage(): actual link-> /expense/
[15-May-2022 17:47:21 Europe/Berlin] Login::construct -> inicio de Login
[15-May-2022 17:47:21 Europe/Berlin] Login::render -> Carga index login
[15-May-2022 17:47:21 Europe/Berlin] Aqui termina la pagina
[15-May-2022 17:47:21 Europe/Berlin] --------------------------------------------------------------------------------------------------------------------------
[15-May-2022 17:47:22 Europe/Berlin] Inicio de app web
[15-May-2022 17:47:22 Europe/Berlin] APP::CONSTRUCT-> no hay controlador especificado
[15-May-2022 17:47:22 Europe/Berlin] SESSIONCONTROLLER::validateSession
[15-May-2022 17:47:22 Europe/Berlin] Conexión a BD exitosa
[15-May-2022 17:47:22 Europe/Berlin] PHP Warning:  Trying to access array offset on value of type bool in C:\xampp\htdocs\expense\models\usermodel.php on line 80
[15-May-2022 17:47:22 Europe/Berlin] PHP Warning:  Trying to access array offset on value of type bool in C:\xampp\htdocs\expense\models\usermodel.php on line 81
[15-May-2022 17:47:22 Europe/Berlin] PHP Warning:  Trying to access array offset on value of type bool in C:\xampp\htdocs\expense\models\usermodel.php on line 82
[15-May-2022 17:47:22 Europe/Berlin] PHP Warning:  Trying to access array offset on value of type bool in C:\xampp\htdocs\expense\models\usermodel.php on line 83
[15-May-2022 17:47:22 Europe/Berlin] PHP Warning:  Trying to access array offset on value of type bool in C:\xampp\htdocs\expense\models\usermodel.php on line 84
[15-May-2022 17:47:22 Europe/Berlin] PHP Warning:  Trying to access array offset on value of type bool in C:\xampp\htdocs\expense\models\usermodel.php on line 85
[15-May-2022 17:47:22 Europe/Berlin] PHP Warning:  Trying to access array offset on value of type bool in C:\xampp\htdocs\expense\models\usermodel.php on line 86
[15-May-2022 17:47:22 Europe/Berlin] SESSIONCONTROLLER::getUserSessionData -> 
[15-May-2022 17:47:22 Europe/Berlin] SESSIONCONTROLLER::getCurrentPage(): actual link-> /expense/
[15-May-2022 17:47:22 Europe/Berlin] Login::construct -> inicio de Login
[15-May-2022 17:47:22 Europe/Berlin] Login::render -> Carga index login
[15-May-2022 17:47:22 Europe/Berlin] Aqui termina la pagina
[15-May-2022 17:47:22 Europe/Berlin] --------------------------------------------------------------------------------------------------------------------------
[15-May-2022 17:47:22 Europe/Berlin] Inicio de app web
[15-May-2022 17:47:22 Europe/Berlin] APP::CONSTRUCT-> no hay controlador especificado
[15-May-2022 17:47:22 Europe/Berlin] SESSIONCONTROLLER::validateSession
[15-May-2022 17:47:22 Europe/Berlin] Conexión a BD exitosa
[15-May-2022 17:47:22 Europe/Berlin] PHP Warning:  Trying to access array offset on value of type bool in C:\xampp\htdocs\expense\models\usermodel.php on line 80
[15-May-2022 17:47:22 Europe/Berlin] PHP Warning:  Trying to access array offset on value of type bool in C:\xampp\htdocs\expense\models\usermodel.php on line 81
[15-May-2022 17:47:22 Europe/Berlin] PHP Warning:  Trying to access array offset on value of type bool in C:\xampp\htdocs\expense\models\usermodel.php on line 82
[15-May-2022 17:47:22 Europe/Berlin] PHP Warning:  Trying to access array offset on value of type bool in C:\xampp\htdocs\expense\models\usermodel.php on line 83
[15-May-2022 17:47:22 Europe/Berlin] PHP Warning:  Trying to access array offset on value of type bool in C:\xampp\htdocs\expense\models\usermodel.php on line 84
[15-May-2022 17:47:22 Europe/Berlin] PHP Warning:  Trying to access array offset on value of type bool in C:\xampp\htdocs\expense\models\usermodel.php on line 85
[15-May-2022 17:47:22 Europe/Berlin] PHP Warning:  Trying to access array offset on value of type bool in C:\xampp\htdocs\expense\models\usermodel.php on line 86
[15-May-2022 17:47:22 Europe/Berlin] SESSIONCONTROLLER::getUserSessionData -> 
[15-May-2022 17:47:22 Europe/Berlin] SESSIONCONTROLLER::getCurrentPage(): actual link-> /expense/
[15-May-2022 17:47:22 Europe/Berlin] Login::construct -> inicio de Login
[15-May-2022 17:47:22 Europe/Berlin] Login::render -> Carga index login
[15-May-2022 17:47:22 Europe/Berlin] Aqui termina la pagina
[15-May-2022 17:47:22 Europe/Berlin] --------------------------------------------------------------------------------------------------------------------------
[15-May-2022 17:47:23 Europe/Berlin] Inicio de app web
[15-May-2022 17:47:23 Europe/Berlin] APP::CONSTRUCT-> no hay controlador especificado
[15-May-2022 17:47:23 Europe/Berlin] SESSIONCONTROLLER::validateSession
[15-May-2022 17:47:23 Europe/Berlin] Conexión a BD exitosa
[15-May-2022 17:47:23 Europe/Berlin] PHP Warning:  Trying to access array offset on value of type bool in C:\xampp\htdocs\expense\models\usermodel.php on line 80
[15-May-2022 17:47:23 Europe/Berlin] PHP Warning:  Trying to access array offset on value of type bool in C:\xampp\htdocs\expense\models\usermodel.php on line 81
[15-May-2022 17:47:23 Europe/Berlin] PHP Warning:  Trying to access array offset on value of type bool in C:\xampp\htdocs\expense\models\usermodel.php on line 82
[15-May-2022 17:47:23 Europe/Berlin] PHP Warning:  Trying to access array offset on value of type bool in C:\xampp\htdocs\expense\models\usermodel.php on line 83
[15-May-2022 17:47:23 Europe/Berlin] PHP Warning:  Trying to access array offset on value of type bool in C:\xampp\htdocs\expense\models\usermodel.php on line 84
[15-May-2022 17:47:23 Europe/Berlin] PHP Warning:  Trying to access array offset on value of type bool in C:\xampp\htdocs\expense\models\usermodel.php on line 85
[15-May-2022 17:47:23 Europe/Berlin] PHP Warning:  Trying to access array offset on value of type bool in C:\xampp\htdocs\expense\models\usermodel.php on line 86
[15-May-2022 17:47:23 Europe/Berlin] SESSIONCONTROLLER::getUserSessionData -> 
[15-May-2022 17:47:23 Europe/Berlin] SESSIONCONTROLLER::getCurrentPage(): actual link-> /expense/
[15-May-2022 17:47:23 Europe/Berlin] Login::construct -> inicio de Login
[15-May-2022 17:47:23 Europe/Berlin] Login::render -> Carga index login
[15-May-2022 17:47:23 Europe/Berlin] Aqui termina la pagina
[15-May-2022 17:47:23 Europe/Berlin] --------------------------------------------------------------------------------------------------------------------------
[15-May-2022 17:47:23 Europe/Berlin] Inicio de app web
[15-May-2022 17:47:23 Europe/Berlin] APP::CONSTRUCT-> no hay controlador especificado
[15-May-2022 17:47:23 Europe/Berlin] SESSIONCONTROLLER::validateSession
[15-May-2022 17:47:23 Europe/Berlin] Conexión a BD exitosa
[15-May-2022 17:47:23 Europe/Berlin] PHP Warning:  Trying to access array offset on value of type bool in C:\xampp\htdocs\expense\models\usermodel.php on line 80
[15-May-2022 17:47:23 Europe/Berlin] PHP Warning:  Trying to access array offset on value of type bool in C:\xampp\htdocs\expense\models\usermodel.php on line 81
[15-May-2022 17:47:23 Europe/Berlin] PHP Warning:  Trying to access array offset on value of type bool in C:\xampp\htdocs\expense\models\usermodel.php on line 82
[15-May-2022 17:47:23 Europe/Berlin] PHP Warning:  Trying to access array offset on value of type bool in C:\xampp\htdocs\expense\models\usermodel.php on line 83
[15-May-2022 17:47:23 Europe/Berlin] PHP Warning:  Trying to access array offset on value of type bool in C:\xampp\htdocs\expense\models\usermodel.php on line 84
[15-May-2022 17:47:23 Europe/Berlin] PHP Warning:  Trying to access array offset on value of type bool in C:\xampp\htdocs\expense\models\usermodel.php on line 85
[15-May-2022 17:47:23 Europe/Berlin] PHP Warning:  Trying to access array offset on value of type bool in C:\xampp\htdocs\expense\models\usermodel.php on line 86
[15-May-2022 17:47:23 Europe/Berlin] SESSIONCONTROLLER::getUserSessionData -> 
[15-May-2022 17:47:23 Europe/Berlin] SESSIONCONTROLLER::getCurrentPage(): actual link-> /expense/
[15-May-2022 17:47:23 Europe/Berlin] Login::construct -> inicio de Login
[15-May-2022 17:47:23 Europe/Berlin] Login::render -> Carga index login
[15-May-2022 17:47:23 Europe/Berlin] Aqui termina la pagina
[15-May-2022 17:47:23 Europe/Berlin] --------------------------------------------------------------------------------------------------------------------------
[15-May-2022 17:47:24 Europe/Berlin] Inicio de app web
[15-May-2022 17:47:24 Europe/Berlin] APP::CONSTRUCT-> no hay controlador especificado
[15-May-2022 17:47:24 Europe/Berlin] SESSIONCONTROLLER::validateSession
[15-May-2022 17:47:24 Europe/Berlin] Conexión a BD exitosa
[15-May-2022 17:47:24 Europe/Berlin] PHP Warning:  Trying to access array offset on value of type bool in C:\xampp\htdocs\expense\models\usermodel.php on line 80
[15-May-2022 17:47:24 Europe/Berlin] PHP Warning:  Trying to access array offset on value of type bool in C:\xampp\htdocs\expense\models\usermodel.php on line 81
[15-May-2022 17:47:24 Europe/Berlin] PHP Warning:  Trying to access array offset on value of type bool in C:\xampp\htdocs\expense\models\usermodel.php on line 82
[15-May-2022 17:47:24 Europe/Berlin] PHP Warning:  Trying to access array offset on value of type bool in C:\xampp\htdocs\expense\models\usermodel.php on line 83
[15-May-2022 17:47:24 Europe/Berlin] PHP Warning:  Trying to access array offset on value of type bool in C:\xampp\htdocs\expense\models\usermodel.php on line 84
[15-May-2022 17:47:24 Europe/Berlin] PHP Warning:  Trying to access array offset on value of type bool in C:\xampp\htdocs\expense\models\usermodel.php on line 85
[15-May-2022 17:47:24 Europe/Berlin] PHP Warning:  Trying to access array offset on value of type bool in C:\xampp\htdocs\expense\models\usermodel.php on line 86
[15-May-2022 17:47:24 Europe/Berlin] SESSIONCONTROLLER::getUserSessionData -> 
[15-May-2022 17:47:24 Europe/Berlin] SESSIONCONTROLLER::getCurrentPage(): actual link-> /expense/
[15-May-2022 17:47:24 Europe/Berlin] Login::construct -> inicio de Login
[15-May-2022 17:47:24 Europe/Berlin] Login::render -> Carga index login
[15-May-2022 17:47:24 Europe/Berlin] Aqui termina la pagina
[15-May-2022 17:47:24 Europe/Berlin] --------------------------------------------------------------------------------------------------------------------------
[15-May-2022 17:47:24 Europe/Berlin] Inicio de app web
[15-May-2022 17:47:24 Europe/Berlin] APP::CONSTRUCT-> no hay controlador especificado
[15-May-2022 17:47:24 Europe/Berlin] SESSIONCONTROLLER::validateSession
[15-May-2022 17:47:24 Europe/Berlin] Conexión a BD exitosa
[15-May-2022 17:47:24 Europe/Berlin] PHP Warning:  Trying to access array offset on value of type bool in C:\xampp\htdocs\expense\models\usermodel.php on line 80
[15-May-2022 17:47:24 Europe/Berlin] PHP Warning:  Trying to access array offset on value of type bool in C:\xampp\htdocs\expense\models\usermodel.php on line 81
[15-May-2022 17:47:24 Europe/Berlin] PHP Warning:  Trying to access array offset on value of type bool in C:\xampp\htdocs\expense\models\usermodel.php on line 82
[15-May-2022 17:47:24 Europe/Berlin] PHP Warning:  Trying to access array offset on value of type bool in C:\xampp\htdocs\expense\models\usermodel.php on line 83
[15-May-2022 17:47:24 Europe/Berlin] PHP Warning:  Trying to access array offset on value of type bool in C:\xampp\htdocs\expense\models\usermodel.php on line 84
[15-May-2022 17:47:24 Europe/Berlin] PHP Warning:  Trying to access array offset on value of type bool in C:\xampp\htdocs\expense\models\usermodel.php on line 85
[15-May-2022 17:47:24 Europe/Berlin] PHP Warning:  Trying to access array offset on value of type bool in C:\xampp\htdocs\expense\models\usermodel.php on line 86
[15-May-2022 17:47:24 Europe/Berlin] SESSIONCONTROLLER::getUserSessionData -> 
[15-May-2022 17:47:24 Europe/Berlin] SESSIONCONTROLLER::getCurrentPage(): actual link-> /expense/
[15-May-2022 17:47:24 Europe/Berlin] Login::construct -> inicio de Login
[15-May-2022 17:47:24 Europe/Berlin] Login::render -> Carga index login
[15-May-2022 17:47:24 Europe/Berlin] Aqui termina la pagina
[15-May-2022 17:47:24 Europe/Berlin] --------------------------------------------------------------------------------------------------------------------------
[15-May-2022 17:47:25 Europe/Berlin] Inicio de app web
[15-May-2022 17:47:25 Europe/Berlin] APP::CONSTRUCT-> no hay controlador especificado
[15-May-2022 17:47:25 Europe/Berlin] SESSIONCONTROLLER::validateSession
[15-May-2022 17:47:25 Europe/Berlin] Conexión a BD exitosa
[15-May-2022 17:47:25 Europe/Berlin] PHP Warning:  Trying to access array offset on value of type bool in C:\xampp\htdocs\expense\models\usermodel.php on line 80
[15-May-2022 17:47:25 Europe/Berlin] PHP Warning:  Trying to access array offset on value of type bool in C:\xampp\htdocs\expense\models\usermodel.php on line 81
[15-May-2022 17:47:25 Europe/Berlin] PHP Warning:  Trying to access array offset on value of type bool in C:\xampp\htdocs\expense\models\usermodel.php on line 82
[15-May-2022 17:47:25 Europe/Berlin] PHP Warning:  Trying to access array offset on value of type bool in C:\xampp\htdocs\expense\models\usermodel.php on line 83
[15-May-2022 17:47:25 Europe/Berlin] PHP Warning:  Trying to access array offset on value of type bool in C:\xampp\htdocs\expense\models\usermodel.php on line 84
[15-May-2022 17:47:25 Europe/Berlin] PHP Warning:  Trying to access array offset on value of type bool in C:\xampp\htdocs\expense\models\usermodel.php on line 85
[15-May-2022 17:47:25 Europe/Berlin] PHP Warning:  Trying to access array offset on value of type bool in C:\xampp\htdocs\expense\models\usermodel.php on line 86
[15-May-2022 17:47:25 Europe/Berlin] SESSIONCONTROLLER::getUserSessionData -> 
[15-May-2022 17:47:25 Europe/Berlin] SESSIONCONTROLLER::getCurrentPage(): actual link-> /expense/
[15-May-2022 17:47:25 Europe/Berlin] Login::construct -> inicio de Login
[15-May-2022 17:47:25 Europe/Berlin] Login::render -> Carga index login
[15-May-2022 17:47:25 Europe/Berlin] Aqui termina la pagina
[15-May-2022 17:47:25 Europe/Berlin] --------------------------------------------------------------------------------------------------------------------------
[15-May-2022 17:47:25 Europe/Berlin] Inicio de app web
[15-May-2022 17:47:25 Europe/Berlin] APP::CONSTRUCT-> no hay controlador especificado
[15-May-2022 17:47:25 Europe/Berlin] SESSIONCONTROLLER::validateSession
[15-May-2022 17:47:25 Europe/Berlin] Conexión a BD exitosa
[15-May-2022 17:47:25 Europe/Berlin] PHP Warning:  Trying to access array offset on value of type bool in C:\xampp\htdocs\expense\models\usermodel.php on line 80
[15-May-2022 17:47:25 Europe/Berlin] PHP Warning:  Trying to access array offset on value of type bool in C:\xampp\htdocs\expense\models\usermodel.php on line 81
[15-May-2022 17:47:25 Europe/Berlin] PHP Warning:  Trying to access array offset on value of type bool in C:\xampp\htdocs\expense\models\usermodel.php on line 82
[15-May-2022 17:47:25 Europe/Berlin] PHP Warning:  Trying to access array offset on value of type bool in C:\xampp\htdocs\expense\models\usermodel.php on line 83
[15-May-2022 17:47:25 Europe/Berlin] PHP Warning:  Trying to access array offset on value of type bool in C:\xampp\htdocs\expense\models\usermodel.php on line 84
[15-May-2022 17:47:25 Europe/Berlin] PHP Warning:  Trying to access array offset on value of type bool in C:\xampp\htdocs\expense\models\usermodel.php on line 85
[15-May-2022 17:47:25 Europe/Berlin] PHP Warning:  Trying to access array offset on value of type bool in C:\xampp\htdocs\expense\models\usermodel.php on line 86
[15-May-2022 17:47:25 Europe/Berlin] SESSIONCONTROLLER::getUserSessionData -> 
[15-May-2022 17:47:25 Europe/Berlin] SESSIONCONTROLLER::getCurrentPage(): actual link-> /expense/
[15-May-2022 17:47:25 Europe/Berlin] Login::construct -> inicio de Login
[15-May-2022 17:47:25 Europe/Berlin] Login::render -> Carga index login
[15-May-2022 17:47:25 Europe/Berlin] Aqui termina la pagina
[15-May-2022 17:47:25 Europe/Berlin] --------------------------------------------------------------------------------------------------------------------------
[15-May-2022 17:47:26 Europe/Berlin] Inicio de app web
[15-May-2022 17:47:26 Europe/Berlin] APP::CONSTRUCT-> no hay controlador especificado
[15-May-2022 17:47:26 Europe/Berlin] SESSIONCONTROLLER::validateSession
[15-May-2022 17:47:26 Europe/Berlin] Conexión a BD exitosa
[15-May-2022 17:47:26 Europe/Berlin] PHP Warning:  Trying to access array offset on value of type bool in C:\xampp\htdocs\expense\models\usermodel.php on line 80
[15-May-2022 17:47:26 Europe/Berlin] PHP Warning:  Trying to access array offset on value of type bool in C:\xampp\htdocs\expense\models\usermodel.php on line 81
[15-May-2022 17:47:26 Europe/Berlin] PHP Warning:  Trying to access array offset on value of type bool in C:\xampp\htdocs\expense\models\usermodel.php on line 82
[15-May-2022 17:47:26 Europe/Berlin] PHP Warning:  Trying to access array offset on value of type bool in C:\xampp\htdocs\expense\models\usermodel.php on line 83
[15-May-2022 17:47:26 Europe/Berlin] PHP Warning:  Trying to access array offset on value of type bool in C:\xampp\htdocs\expense\models\usermodel.php on line 84
[15-May-2022 17:47:26 Europe/Berlin] PHP Warning:  Trying to access array offset on value of type bool in C:\xampp\htdocs\expense\models\usermodel.php on line 85
[15-May-2022 17:47:26 Europe/Berlin] PHP Warning:  Trying to access array offset on value of type bool in C:\xampp\htdocs\expense\models\usermodel.php on line 86
[15-May-2022 17:47:26 Europe/Berlin] SESSIONCONTROLLER::getUserSessionData -> 
[15-May-2022 17:47:26 Europe/Berlin] SESSIONCONTROLLER::getCurrentPage(): actual link-> /expense/
[15-May-2022 17:47:26 Europe/Berlin] Login::construct -> inicio de Login
[15-May-2022 17:47:26 Europe/Berlin] Login::render -> Carga index login
[15-May-2022 17:47:26 Europe/Berlin] Aqui termina la pagina
[15-May-2022 17:47:26 Europe/Berlin] --------------------------------------------------------------------------------------------------------------------------
[15-May-2022 17:47:26 Europe/Berlin] Inicio de app web
[15-May-2022 17:47:26 Europe/Berlin] APP::CONSTRUCT-> no hay controlador especificado
[15-May-2022 17:47:26 Europe/Berlin] SESSIONCONTROLLER::validateSession
[15-May-2022 17:47:26 Europe/Berlin] Conexión a BD exitosa
[15-May-2022 17:47:26 Europe/Berlin] PHP Warning:  Trying to access array offset on value of type bool in C:\xampp\htdocs\expense\models\usermodel.php on line 80
[15-May-2022 17:47:26 Europe/Berlin] PHP Warning:  Trying to access array offset on value of type bool in C:\xampp\htdocs\expense\models\usermodel.php on line 81
[15-May-2022 17:47:26 Europe/Berlin] PHP Warning:  Trying to access array offset on value of type bool in C:\xampp\htdocs\expense\models\usermodel.php on line 82
[15-May-2022 17:47:26 Europe/Berlin] PHP Warning:  Trying to access array offset on value of type bool in C:\xampp\htdocs\expense\models\usermodel.php on line 83
[15-May-2022 17:47:26 Europe/Berlin] PHP Warning:  Trying to access array offset on value of type bool in C:\xampp\htdocs\expense\models\usermodel.php on line 84
[15-May-2022 17:47:26 Europe/Berlin] PHP Warning:  Trying to access array offset on value of type bool in C:\xampp\htdocs\expense\models\usermodel.php on line 85
[15-May-2022 17:47:26 Europe/Berlin] PHP Warning:  Trying to access array offset on value of type bool in C:\xampp\htdocs\expense\models\usermodel.php on line 86
[15-May-2022 17:47:26 Europe/Berlin] SESSIONCONTROLLER::getUserSessionData -> 
[15-May-2022 17:47:26 Europe/Berlin] SESSIONCONTROLLER::getCurrentPage(): actual link-> /expense/
[15-May-2022 17:47:26 Europe/Berlin] Login::construct -> inicio de Login
[15-May-2022 17:47:26 Europe/Berlin] Login::render -> Carga index login
[15-May-2022 17:47:26 Europe/Berlin] Aqui termina la pagina
[15-May-2022 17:47:26 Europe/Berlin] --------------------------------------------------------------------------------------------------------------------------
[15-May-2022 17:47:27 Europe/Berlin] Inicio de app web
[15-May-2022 17:47:27 Europe/Berlin] APP::CONSTRUCT-> no hay controlador especificado
[15-May-2022 17:47:27 Europe/Berlin] SESSIONCONTROLLER::validateSession
[15-May-2022 17:47:27 Europe/Berlin] Conexión a BD exitosa
[15-May-2022 17:47:27 Europe/Berlin] PHP Warning:  Trying to access array offset on value of type bool in C:\xampp\htdocs\expense\models\usermodel.php on line 80
[15-May-2022 17:47:27 Europe/Berlin] PHP Warning:  Trying to access array offset on value of type bool in C:\xampp\htdocs\expense\models\usermodel.php on line 81
[15-May-2022 17:47:27 Europe/Berlin] PHP Warning:  Trying to access array offset on value of type bool in C:\xampp\htdocs\expense\models\usermodel.php on line 82
[15-May-2022 17:47:27 Europe/Berlin] PHP Warning:  Trying to access array offset on value of type bool in C:\xampp\htdocs\expense\models\usermodel.php on line 83
[15-May-2022 17:47:27 Europe/Berlin] PHP Warning:  Trying to access array offset on value of type bool in C:\xampp\htdocs\expense\models\usermodel.php on line 84
[15-May-2022 17:47:27 Europe/Berlin] PHP Warning:  Trying to access array offset on value of type bool in C:\xampp\htdocs\expense\models\usermodel.php on line 85
[15-May-2022 17:47:27 Europe/Berlin] PHP Warning:  Trying to access array offset on value of type bool in C:\xampp\htdocs\expense\models\usermodel.php on line 86
[15-May-2022 17:47:27 Europe/Berlin] SESSIONCONTROLLER::getUserSessionData -> 
[15-May-2022 17:47:27 Europe/Berlin] SESSIONCONTROLLER::getCurrentPage(): actual link-> /expense/
[15-May-2022 17:47:27 Europe/Berlin] Login::construct -> inicio de Login
[15-May-2022 17:47:27 Europe/Berlin] Login::render -> Carga index login
[15-May-2022 17:47:27 Europe/Berlin] Aqui termina la pagina
[15-May-2022 17:47:27 Europe/Berlin] --------------------------------------------------------------------------------------------------------------------------
[15-May-2022 17:47:27 Europe/Berlin] Inicio de app web
[15-May-2022 17:47:27 Europe/Berlin] APP::CONSTRUCT-> no hay controlador especificado
[15-May-2022 17:47:27 Europe/Berlin] SESSIONCONTROLLER::validateSession
[15-May-2022 17:47:27 Europe/Berlin] Conexión a BD exitosa
[15-May-2022 17:47:27 Europe/Berlin] PHP Warning:  Trying to access array offset on value of type bool in C:\xampp\htdocs\expense\models\usermodel.php on line 80
[15-May-2022 17:47:27 Europe/Berlin] PHP Warning:  Trying to access array offset on value of type bool in C:\xampp\htdocs\expense\models\usermodel.php on line 81
[15-May-2022 17:47:27 Europe/Berlin] PHP Warning:  Trying to access array offset on value of type bool in C:\xampp\htdocs\expense\models\usermodel.php on line 82
[15-May-2022 17:47:27 Europe/Berlin] PHP Warning:  Trying to access array offset on value of type bool in C:\xampp\htdocs\expense\models\usermodel.php on line 83
[15-May-2022 17:47:28 Europe/Berlin] PHP Warning:  Trying to access array offset on value of type bool in C:\xampp\htdocs\expense\models\usermodel.php on line 84
[15-May-2022 17:47:28 Europe/Berlin] PHP Warning:  Trying to access array offset on value of type bool in C:\xampp\htdocs\expense\models\usermodel.php on line 85
[15-May-2022 17:47:28 Europe/Berlin] PHP Warning:  Trying to access array offset on value of type bool in C:\xampp\htdocs\expense\models\usermodel.php on line 86
[15-May-2022 17:47:28 Europe/Berlin] SESSIONCONTROLLER::getUserSessionData -> 
[15-May-2022 17:47:28 Europe/Berlin] SESSIONCONTROLLER::getCurrentPage(): actual link-> /expense/
[15-May-2022 17:47:28 Europe/Berlin] Login::construct -> inicio de Login
[15-May-2022 17:47:28 Europe/Berlin] Login::render -> Carga index login
[15-May-2022 17:47:28 Europe/Berlin] Aqui termina la pagina
[15-May-2022 17:47:28 Europe/Berlin] --------------------------------------------------------------------------------------------------------------------------
[15-May-2022 17:47:28 Europe/Berlin] Inicio de app web
[15-May-2022 17:47:28 Europe/Berlin] APP::CONSTRUCT-> no hay controlador especificado
[15-May-2022 17:47:28 Europe/Berlin] SESSIONCONTROLLER::validateSession
[15-May-2022 17:47:28 Europe/Berlin] Conexión a BD exitosa
[15-May-2022 17:47:28 Europe/Berlin] PHP Warning:  Trying to access array offset on value of type bool in C:\xampp\htdocs\expense\models\usermodel.php on line 80
[15-May-2022 17:47:28 Europe/Berlin] PHP Warning:  Trying to access array offset on value of type bool in C:\xampp\htdocs\expense\models\usermodel.php on line 81
[15-May-2022 17:47:28 Europe/Berlin] PHP Warning:  Trying to access array offset on value of type bool in C:\xampp\htdocs\expense\models\usermodel.php on line 82
[15-May-2022 17:47:28 Europe/Berlin] PHP Warning:  Trying to access array offset on value of type bool in C:\xampp\htdocs\expense\models\usermodel.php on line 83
[15-May-2022 17:47:28 Europe/Berlin] PHP Warning:  Trying to access array offset on value of type bool in C:\xampp\htdocs\expense\models\usermodel.php on line 84
[15-May-2022 17:47:28 Europe/Berlin] PHP Warning:  Trying to access array offset on value of type bool in C:\xampp\htdocs\expense\models\usermodel.php on line 85
[15-May-2022 17:47:28 Europe/Berlin] PHP Warning:  Trying to access array offset on value of type bool in C:\xampp\htdocs\expense\models\usermodel.php on line 86
[15-May-2022 17:47:28 Europe/Berlin] SESSIONCONTROLLER::getUserSessionData -> 
[15-May-2022 17:47:28 Europe/Berlin] SESSIONCONTROLLER::getCurrentPage(): actual link-> /expense/
[15-May-2022 17:47:28 Europe/Berlin] Login::construct -> inicio de Login
[15-May-2022 17:47:28 Europe/Berlin] Login::render -> Carga index login
[15-May-2022 17:47:28 Europe/Berlin] Aqui termina la pagina
[15-May-2022 17:47:28 Europe/Berlin] --------------------------------------------------------------------------------------------------------------------------
[15-May-2022 17:47:28 Europe/Berlin] Inicio de app web
[15-May-2022 17:47:28 Europe/Berlin] APP::CONSTRUCT-> no hay controlador especificado
[15-May-2022 17:47:28 Europe/Berlin] SESSIONCONTROLLER::validateSession
[15-May-2022 17:47:28 Europe/Berlin] Conexión a BD exitosa
[15-May-2022 17:47:28 Europe/Berlin] PHP Warning:  Trying to access array offset on value of type bool in C:\xampp\htdocs\expense\models\usermodel.php on line 80
[15-May-2022 17:47:28 Europe/Berlin] PHP Warning:  Trying to access array offset on value of type bool in C:\xampp\htdocs\expense\models\usermodel.php on line 81
[15-May-2022 17:47:28 Europe/Berlin] PHP Warning:  Trying to access array offset on value of type bool in C:\xampp\htdocs\expense\models\usermodel.php on line 82
[15-May-2022 17:47:28 Europe/Berlin] PHP Warning:  Trying to access array offset on value of type bool in C:\xampp\htdocs\expense\models\usermodel.php on line 83
[15-May-2022 17:47:29 Europe/Berlin] PHP Warning:  Trying to access array offset on value of type bool in C:\xampp\htdocs\expense\models\usermodel.php on line 84
[15-May-2022 17:47:29 Europe/Berlin] PHP Warning:  Trying to access array offset on value of type bool in C:\xampp\htdocs\expense\models\usermodel.php on line 85
[15-May-2022 17:47:29 Europe/Berlin] PHP Warning:  Trying to access array offset on value of type bool in C:\xampp\htdocs\expense\models\usermodel.php on line 86
[15-May-2022 17:47:29 Europe/Berlin] SESSIONCONTROLLER::getUserSessionData -> 
[15-May-2022 17:47:29 Europe/Berlin] SESSIONCONTROLLER::getCurrentPage(): actual link-> /expense/
[15-May-2022 17:47:29 Europe/Berlin] Login::construct -> inicio de Login
[15-May-2022 17:47:29 Europe/Berlin] Login::render -> Carga index login
[15-May-2022 17:47:29 Europe/Berlin] Aqui termina la pagina
[15-May-2022 17:47:29 Europe/Berlin] --------------------------------------------------------------------------------------------------------------------------
[15-May-2022 17:47:29 Europe/Berlin] Inicio de app web
[15-May-2022 17:47:29 Europe/Berlin] APP::CONSTRUCT-> no hay controlador especificado
[15-May-2022 17:47:29 Europe/Berlin] SESSIONCONTROLLER::validateSession
[15-May-2022 17:47:29 Europe/Berlin] Conexión a BD exitosa
[15-May-2022 17:47:29 Europe/Berlin] PHP Warning:  Trying to access array offset on value of type bool in C:\xampp\htdocs\expense\models\usermodel.php on line 80
[15-May-2022 17:47:29 Europe/Berlin] PHP Warning:  Trying to access array offset on value of type bool in C:\xampp\htdocs\expense\models\usermodel.php on line 81
[15-May-2022 17:47:29 Europe/Berlin] PHP Warning:  Trying to access array offset on value of type bool in C:\xampp\htdocs\expense\models\usermodel.php on line 82
[15-May-2022 17:47:29 Europe/Berlin] PHP Warning:  Trying to access array offset on value of type bool in C:\xampp\htdocs\expense\models\usermodel.php on line 83
[15-May-2022 17:47:29 Europe/Berlin] PHP Warning:  Trying to access array offset on value of type bool in C:\xampp\htdocs\expense\models\usermodel.php on line 84
[15-May-2022 17:47:29 Europe/Berlin] PHP Warning:  Trying to access array offset on value of type bool in C:\xampp\htdocs\expense\models\usermodel.php on line 85
[15-May-2022 17:47:29 Europe/Berlin] PHP Warning:  Trying to access array offset on value of type bool in C:\xampp\htdocs\expense\models\usermodel.php on line 86
[15-May-2022 17:47:29 Europe/Berlin] SESSIONCONTROLLER::getUserSessionData -> 
[15-May-2022 17:47:29 Europe/Berlin] SESSIONCONTROLLER::getCurrentPage(): actual link-> /expense/
[15-May-2022 17:47:29 Europe/Berlin] Login::construct -> inicio de Login
[15-May-2022 17:47:29 Europe/Berlin] Login::render -> Carga index login
[15-May-2022 17:47:29 Europe/Berlin] Aqui termina la pagina
[15-May-2022 17:47:29 Europe/Berlin] --------------------------------------------------------------------------------------------------------------------------
[15-May-2022 17:47:30 Europe/Berlin] Inicio de app web
[15-May-2022 17:47:30 Europe/Berlin] APP::CONSTRUCT-> no hay controlador especificado
[15-May-2022 17:47:30 Europe/Berlin] SESSIONCONTROLLER::validateSession
[15-May-2022 17:47:30 Europe/Berlin] Conexión a BD exitosa
[15-May-2022 17:47:30 Europe/Berlin] PHP Warning:  Trying to access array offset on value of type bool in C:\xampp\htdocs\expense\models\usermodel.php on line 80
[15-May-2022 17:47:30 Europe/Berlin] PHP Warning:  Trying to access array offset on value of type bool in C:\xampp\htdocs\expense\models\usermodel.php on line 81
[15-May-2022 17:47:30 Europe/Berlin] PHP Warning:  Trying to access array offset on value of type bool in C:\xampp\htdocs\expense\models\usermodel.php on line 82
[15-May-2022 17:47:30 Europe/Berlin] PHP Warning:  Trying to access array offset on value of type bool in C:\xampp\htdocs\expense\models\usermodel.php on line 83
[15-May-2022 17:47:30 Europe/Berlin] PHP Warning:  Trying to access array offset on value of type bool in C:\xampp\htdocs\expense\models\usermodel.php on line 84
[15-May-2022 17:47:30 Europe/Berlin] PHP Warning:  Trying to access array offset on value of type bool in C:\xampp\htdocs\expense\models\usermodel.php on line 85
[15-May-2022 17:47:30 Europe/Berlin] PHP Warning:  Trying to access array offset on value of type bool in C:\xampp\htdocs\expense\models\usermodel.php on line 86
[15-May-2022 17:47:30 Europe/Berlin] SESSIONCONTROLLER::getUserSessionData -> 
[15-May-2022 17:47:30 Europe/Berlin] SESSIONCONTROLLER::getCurrentPage(): actual link-> /expense/
[15-May-2022 17:47:30 Europe/Berlin] Login::construct -> inicio de Login
[15-May-2022 17:47:30 Europe/Berlin] Login::render -> Carga index login
[15-May-2022 17:47:30 Europe/Berlin] Aqui termina la pagina
[15-May-2022 17:47:30 Europe/Berlin] --------------------------------------------------------------------------------------------------------------------------
[15-May-2022 17:47:30 Europe/Berlin] Inicio de app web
[15-May-2022 17:47:30 Europe/Berlin] APP::CONSTRUCT-> no hay controlador especificado
[15-May-2022 17:47:30 Europe/Berlin] SESSIONCONTROLLER::validateSession
[15-May-2022 17:47:30 Europe/Berlin] Conexión a BD exitosa
[15-May-2022 17:47:30 Europe/Berlin] PHP Warning:  Trying to access array offset on value of type bool in C:\xampp\htdocs\expense\models\usermodel.php on line 80
[15-May-2022 17:47:30 Europe/Berlin] PHP Warning:  Trying to access array offset on value of type bool in C:\xampp\htdocs\expense\models\usermodel.php on line 81
[15-May-2022 17:47:30 Europe/Berlin] PHP Warning:  Trying to access array offset on value of type bool in C:\xampp\htdocs\expense\models\usermodel.php on line 82
[15-May-2022 17:47:30 Europe/Berlin] PHP Warning:  Trying to access array offset on value of type bool in C:\xampp\htdocs\expense\models\usermodel.php on line 83
[15-May-2022 17:47:30 Europe/Berlin] PHP Warning:  Trying to access array offset on value of type bool in C:\xampp\htdocs\expense\models\usermodel.php on line 84
[15-May-2022 17:47:30 Europe/Berlin] PHP Warning:  Trying to access array offset on value of type bool in C:\xampp\htdocs\expense\models\usermodel.php on line 85
[15-May-2022 17:47:30 Europe/Berlin] PHP Warning:  Trying to access array offset on value of type bool in C:\xampp\htdocs\expense\models\usermodel.php on line 86
[15-May-2022 17:47:30 Europe/Berlin] SESSIONCONTROLLER::getUserSessionData -> 
[15-May-2022 17:47:30 Europe/Berlin] SESSIONCONTROLLER::getCurrentPage(): actual link-> /expense/
[15-May-2022 17:47:30 Europe/Berlin] Login::construct -> inicio de Login
[15-May-2022 17:47:30 Europe/Berlin] Login::render -> Carga index login
[15-May-2022 17:47:30 Europe/Berlin] Aqui termina la pagina
[15-May-2022 17:47:30 Europe/Berlin] --------------------------------------------------------------------------------------------------------------------------
[15-May-2022 18:05:11 Europe/Berlin] Inicio de app web
[15-May-2022 18:05:11 Europe/Berlin] APP::CONSTRUCT-> no hay controlador especificado
[15-May-2022 18:05:11 Europe/Berlin] SESSIONCONTROLLER::validateSession
[15-May-2022 18:05:11 Europe/Berlin] Conexión a BD exitosa
[15-May-2022 18:05:11 Europe/Berlin] PHP Warning:  Trying to access array offset on value of type bool in C:\xampp\htdocs\expense\models\usermodel.php on line 80
[15-May-2022 18:05:11 Europe/Berlin] PHP Warning:  Trying to access array offset on value of type bool in C:\xampp\htdocs\expense\models\usermodel.php on line 81
[15-May-2022 18:05:11 Europe/Berlin] PHP Warning:  Trying to access array offset on value of type bool in C:\xampp\htdocs\expense\models\usermodel.php on line 82
[15-May-2022 18:05:11 Europe/Berlin] PHP Warning:  Trying to access array offset on value of type bool in C:\xampp\htdocs\expense\models\usermodel.php on line 83
[15-May-2022 18:05:11 Europe/Berlin] PHP Warning:  Trying to access array offset on value of type bool in C:\xampp\htdocs\expense\models\usermodel.php on line 84
[15-May-2022 18:05:11 Europe/Berlin] PHP Warning:  Trying to access array offset on value of type bool in C:\xampp\htdocs\expense\models\usermodel.php on line 85
[15-May-2022 18:05:11 Europe/Berlin] PHP Warning:  Trying to access array offset on value of type bool in C:\xampp\htdocs\expense\models\usermodel.php on line 86
[15-May-2022 18:05:11 Europe/Berlin] SESSIONCONTROLLER::getUserSessionData -> 
[15-May-2022 18:05:11 Europe/Berlin] SESSIONCONTROLLER::getCurrentPage(): actual link-> /expense/
[15-May-2022 18:05:11 Europe/Berlin] Login::construct -> inicio de Login
[15-May-2022 18:05:11 Europe/Berlin] Login::render -> Carga index login
[15-May-2022 18:05:11 Europe/Berlin] Aqui termina la pagina
[15-May-2022 18:05:11 Europe/Berlin] --------------------------------------------------------------------------------------------------------------------------
